Job ID: 8702874
Job User: jasonjia
Num Cores: 16

Python file to run: /project/kh_mercury_1/conference_call/code/12_summary_statistics/count_number_of_conference_calls.py

/project/kh_mercury_1/conference_call/output/01_download_cc/01.1_xls_2/20210218-20210221_9.xls
(50,)
/project/kh_mercury_1/conference_call/output/01_download_cc/01.1_xls_2/20210419-20210422_9.xls
(100,)
/project/kh_mercury_1/conference_call/output/01_download_cc/01.1_xls_2/20210318-20210321_3.xls
(150,)
/project/kh_mercury_1/conference_call/output/01_download_cc/01.1_xls_2/20210610-20210613_2.xls
(200,)
/project/kh_mercury_1/conference_call/output/01_download_cc/01.1_xls_2/20210125-20210128_6.xls
(250,)
/project/kh_mercury_1/conference_call/output/01_download_cc/01.1_xls_2/20210825-20210828_2.xls
(300,)
/project/kh_mercury_1/conference_call/output/01_download_cc/01.1_xls_2/20201025-20201028_11.xls
(350,)
/project/kh_mercury_1/conference_call/output/01_download_cc/01.1_xls_2/20210805-20210808_11.xls
(400,)
/project/kh_mercury_1/conference_call/output/01_download_cc/01.1_xls_2/20210330-20210402_5.xls
(450,)
/project/kh_mercury_1/conference_call/output/01_download_cc/01.1_xls_2/20210817-20210820_5.xls
(500,)
/project/kh_mercury_1/conference_call/output/01_download_cc/01.1_xls_2/20210330-20210402_2.xls
(550,)
/project/kh_mercury_1/conference_call/output/01_download_cc/01.1_xls_2/20210314-20210317_5.xls
(600,)
/project/kh_mercury_1/conference_call/output/01_download_cc/01.1_xls_2/20210501-20210504_1.xls
(650,)
/project/kh_mercury_1/conference_call/output/01_download_cc/01.1_xls_2/20210310-20210313_2.xls
(700,)
/project/kh_mercury_1/conference_call/output/01_download_cc/01.1_xls_2/20210419-20210422_13.xls
(750,)
/project/kh_mercury_1/conference_call/output/01_download_cc/01.1_xls_2/20210125-20210128_1.xls
(800,)
/project/kh_mercury_1/conference_call/output/01_download_cc/01.1_xls_2/20210314-20210317_3.xls
(850,)
/project/kh_mercury_1/conference_call/output/01_download_cc/01.1_xls_2/20210427-20210430_3.xls
(900,)
/project/kh_mercury_1/conference_call/output/01_download_cc/01.1_xls_2/20210501-20210504_10.xls
(950,)
/project/kh_mercury_1/conference_call/output/01_download_cc/01.1_xls_2/20210505-20210508_28.xls
(1000,)
/project/kh_mercury_1/conference_call/output/01_download_cc/01.1_xls_2/20210226-20210301_3.xls
(1050,)
/project/kh_mercury_1/conference_call/output/01_download_cc/01.1_xls_2/20201130-20201203_8.xls
(1100,)
/project/kh_mercury_1/conference_call/output/01_download_cc/01.1_xls_2/20210113-20210116_5.xls
(1150,)
/project/kh_mercury_1/conference_call/output/01_download_cc/01.1_xls_2/20210525-20210528_3.xls
(1200,)
/project/kh_mercury_1/conference_call/output/01_download_cc/01.1_xls_2/20201208-20201211_4.xls
(1250,)
/project/kh_mercury_1/conference_call/output/01_download_cc/01.1_xls_2/20210326-20210329_1.xls
(1300,)
/project/kh_mercury_1/conference_call/output/01_download_cc/01.1_xls_2/20210517-20210520_3.xls
(1350,)
/project/kh_mercury_1/conference_call/output/01_download_cc/01.1_xls_2/20210427-20210430_16.xls
(1400,)
/project/kh_mercury_1/conference_call/output/01_download_cc/01.1_xls_2/20210728-20210731_16.xls
(1450,)
/project/kh_mercury_1/conference_call/output/01_download_cc/01.1_xls_2/20210720-20210723_5.xls
(1500,)
/project/kh_mercury_1/conference_call/output/01_download_cc/01.1_xls_2/20201102-20201105_9.xls
(1550,)
/project/kh_mercury_1/conference_call/output/01_download_cc/01.1_xls_2/20210419-20210422_11.xls
(1600,)
/project/kh_mercury_1/conference_call/output/01_download_cc/01.1_xls_2/20210720-20210723_11.xls
(1650,)
/project/kh_mercury_1/conference_call/output/01_download_cc/01.1_xls_2/20210202-20210205_12.xls
(1700,)
/project/kh_mercury_1/conference_call/output/01_download_cc/01.1_xls_2/20201013-20201016_4.xls
(1750,)
/project/kh_mercury_1/conference_call/output/01_download_cc/01.1_xls_2/20210602-20210605_3.xls
(1800,)
/project/kh_mercury_1/conference_call/output/01_download_cc/01.1_xls_2/20210419-20210422_4.xls
(1850,)
/project/kh_mercury_1/conference_call/output/01_download_cc/01.1_xls_2/20210222-20210225_17.xls
(1900,)
/project/kh_mercury_1/conference_call/output/01_download_cc/01.1_xls_2/20210509-20210512_6.xls
(1950,)
/project/kh_mercury_1/conference_call/output/01_download_cc/01.1_xls_2/20210525-20210528_11.xls
(2000,)
/project/kh_mercury_1/conference_call/output/01_download_cc/01.1_xls_2/20210427-20210430_5.xls
(2050,)
/project/kh_mercury_1/conference_call/output/01_download_cc/01.1_xls_2/20210302-20210305_2.xls
(2100,)
/project/kh_mercury_1/conference_call/output/01_download_cc/01.1_xls_2/20201102-20201105_22.xls
(2150,)
/project/kh_mercury_1/conference_call/output/01_download_cc/01.1_xls_2/20210805-20210808_20.xls
(2200,)
/project/kh_mercury_1/conference_call/output/01_download_cc/01.1_xls_2/20210602-20210605_6.xls
(2250,)
/project/kh_mercury_1/conference_call/output/01_download_cc/01.1_xls_2/20210222-20210225_19.xls
(2300,)
/project/kh_mercury_1/conference_call/output/01_download_cc/01.1_xls_2/20210825-20210828_3.xls
(2350,)
/project/kh_mercury_1/conference_call/output/01_download_cc/01.1_xls_2/20201130-20201203_10.xls
(2400,)
/project/kh_mercury_1/conference_call/output/01_download_cc/01.1_xls_2/20210113-20210116_2.xls
(2450,)
/project/kh_mercury_1/conference_call/output/01_download_cc/01.1_xls_2/20210427-20210430_10.xls
(2500,)
/project/kh_mercury_1/conference_call/output/01_download_cc/01.1_xls_2/20210728-20210731_13.xls
(2550,)
/project/kh_mercury_1/conference_call/output/01_download_cc/01.1_xls_2/20210817-20210820_8.xls
(2600,)
/project/kh_mercury_1/conference_call/output/01_download_cc/01.1_xls_2/20210302-20210305_13.xls
(2650,)
/project/kh_mercury_1/conference_call/output/01_download_cc/01.1_xls_2/20210105-20210108_1.xls
(2700,)
/project/kh_mercury_1/conference_call/output/01_download_cc/01.1_xls_2/20201118-20201121_9.xls
(2750,)
/project/kh_mercury_1/conference_call/output/01_download_cc/01.1_xls_2/20210202-20210205_14.xls
(2800,)
/project/kh_mercury_1/conference_call/output/01_download_cc/01.1_xls_2/20210817-20210820_2.xls
(2850,)
/project/kh_mercury_1/conference_call/output/01_download_cc/01.1_xls_2/20201118-20201121_3.xls
(2900,)
/project/kh_mercury_1/conference_call/output/01_download_cc/01.1_xls_2/20210513-20210516_8.xls
(2950,)
/project/kh_mercury_1/conference_call/output/01_download_cc/01.1_xls_2/20201102-20201105_21.xls
(3000,)
/project/kh_mercury_1/conference_call/output/01_download_cc/01.1_xls_2/20210322-20210325_6.xls
(3050,)
/project/kh_mercury_1/conference_call/output/01_download_cc/01.1_xls_2/20201021-20201024_8.xls
(3100,)
/project/kh_mercury_1/conference_call/output/01_download_cc/01.1_xls_2/20210322-20210325_7.xls
(3150,)
/project/kh_mercury_1/conference_call/output/01_download_cc/01.1_xls_2/20210708-20210711_2.xls
(3152,)
/project/kh_mercury_1/conference_call/output/01_download_cc/01.1_xls_2/20201029-20201101_13.xls
(3202,)
/project/kh_mercury_1/conference_call/output/01_download_cc/01.1_xls_2/20210809-20210812_6.xls
(3252,)
/project/kh_mercury_1/conference_call/output/01_download_cc/01.1_xls_2/20201114-20201117_6.xls
(3302,)
/project/kh_mercury_1/conference_call/output/01_download_cc/01.1_xls_2/20210724-20210727_4.xls
(3352,)
/project/kh_mercury_1/conference_call/output/01_download_cc/01.1_xls_2/20210210-20210213_16.xls
(3402,)
/project/kh_mercury_1/conference_call/output/01_download_cc/01.1_xls_2/20210330-20210402_1.xls
(3452,)
/project/kh_mercury_1/conference_call/output/01_download_cc/01.1_xls_2/20210310-20210313_10.xls
(3502,)
/project/kh_mercury_1/conference_call/output/01_download_cc/01.1_xls_2/20210801-20210804_15.xls
(3552,)
/project/kh_mercury_1/conference_call/output/01_download_cc/01.1_xls_2/20210318-20210321_2.xls
(3602,)
/project/kh_mercury_1/conference_call/output/01_download_cc/01.1_xls_2/20210505-20210508_26.xls
(3652,)
/project/kh_mercury_1/conference_call/output/01_download_cc/01.1_xls_2/20210509-20210512_14.xls
(3702,)
/project/kh_mercury_1/conference_call/output/01_download_cc/01.1_xls_2/20210525-20210528_15.xls
(3752,)
/project/kh_mercury_1/conference_call/output/01_download_cc/01.1_xls_2/20201021-20201024_12.xls
(3802,)
/project/kh_mercury_1/conference_call/output/01_download_cc/01.1_xls_2/20210427-20210430_29.xls
(3852,)
/project/kh_mercury_1/conference_call/output/01_download_cc/01.1_xls_2/20210805-20210808_7.xls
(3902,)
/project/kh_mercury_1/conference_call/output/01_download_cc/01.1_xls_2/20210728-20210731_4.xls
(3952,)
/project/kh_mercury_1/conference_call/output/01_download_cc/01.1_xls_2/20210728-20210731_26.xls
(4002,)
/project/kh_mercury_1/conference_call/output/01_download_cc/01.1_xls_2/20201021-20201024_1.xls
(4052,)
/project/kh_mercury_1/conference_call/output/01_download_cc/01.1_xls_2/20201130-20201203_1.xls
(4102,)
/project/kh_mercury_1/conference_call/output/01_download_cc/01.1_xls_2/20210125-20210128_4.xls
(4152,)
/project/kh_mercury_1/conference_call/output/01_download_cc/01.1_xls_2/20210310-20210313_14.xls
(4195,)
/project/kh_mercury_1/conference_call/output/01_download_cc/01.1_xls_2/20210415-20210418_2.xls
(4245,)
/project/kh_mercury_1/conference_call/output/01_download_cc/01.1_xls_2/20210813-20210816_3.xls
(4295,)
/project/kh_mercury_1/conference_call/output/01_download_cc/01.1_xls_2/20210419-20210422_14.xls
(4331,)
/project/kh_mercury_1/conference_call/output/01_download_cc/01.1_xls_2/20210505-20210508_22.xls
(4381,)
/project/kh_mercury_1/conference_call/output/01_download_cc/01.1_xls_2/20210302-20210305_6.xls
(4431,)
/project/kh_mercury_1/conference_call/output/01_download_cc/01.1_xls_2/20210202-20210205_18.xls
(4481,)
/project/kh_mercury_1/conference_call/output/01_download_cc/01.1_xls_2/20210210-20210213_15.xls
(4531,)
/project/kh_mercury_1/conference_call/output/01_download_cc/01.1_xls_2/20210302-20210305_9.xls
(4581,)
/project/kh_mercury_1/conference_call/output/01_download_cc/01.1_xls_2/20201025-20201028_17.xls
(4599,)
/project/kh_mercury_1/conference_call/output/01_download_cc/01.1_xls_2/20201118-20201121_4.xls
(4649,)
/project/kh_mercury_1/conference_call/output/01_download_cc/01.1_xls_2/20210129-20210201_1.xls
(4699,)
/project/kh_mercury_1/conference_call/output/01_download_cc/01.1_xls_2/20201114-20201117_9.xls
(4740,)
/project/kh_mercury_1/conference_call/output/01_download_cc/01.1_xls_2/20201025-20201028_7.xls
(4790,)
/project/kh_mercury_1/conference_call/output/01_download_cc/01.1_xls_2/20201110-20201113_12.xls
(4840,)
/project/kh_mercury_1/conference_call/output/01_download_cc/01.1_xls_2/20210829-20210901_1.xls
(4890,)
/project/kh_mercury_1/conference_call/output/01_download_cc/01.1_xls_2/20210606-20210609_2.xls
(4940,)
/project/kh_mercury_1/conference_call/output/01_download_cc/01.1_xls_2/20201130-20201203_12.xls
(4990,)
/project/kh_mercury_1/conference_call/output/01_download_cc/01.1_xls_2/20210801-20210804_14.xls
(5040,)
/project/kh_mercury_1/conference_call/output/01_download_cc/01.1_xls_2/20210505-20210508_36.xls
(5057,)
/project/kh_mercury_1/conference_call/output/01_download_cc/01.1_xls_2/20210125-20210128_7.xls
(5107,)
/project/kh_mercury_1/conference_call/output/01_download_cc/01.1_xls_2/20210505-20210508_5.xls
(5157,)
/project/kh_mercury_1/conference_call/output/01_download_cc/01.1_xls_2/20210125-20210128_8.xls
(5207,)
/project/kh_mercury_1/conference_call/output/01_download_cc/01.1_xls_2/20210310-20210313_7.xls
(5257,)
/project/kh_mercury_1/conference_call/output/01_download_cc/01.1_xls_2/20210720-20210723_13.xls
(5269,)
/project/kh_mercury_1/conference_call/output/01_download_cc/01.1_xls_2/20210801-20210804_10.xls
(5319,)
/project/kh_mercury_1/conference_call/output/01_download_cc/01.1_xls_2/20210419-20210422_5.xls
(5369,)
/project/kh_mercury_1/conference_call/output/01_download_cc/01.1_xls_2/20210105-20210108_3.xls
(5399,)
/project/kh_mercury_1/conference_call/output/01_download_cc/01.1_xls_2/20210720-20210723_2.xls
(5449,)
/project/kh_mercury_1/conference_call/output/01_download_cc/01.1_xls_2/20210517-20210520_6.xls
(5499,)
/project/kh_mercury_1/conference_call/output/01_download_cc/01.1_xls_2/20210302-20210305_16.xls
(5549,)
/project/kh_mercury_1/conference_call/output/01_download_cc/01.1_xls_2/20210210-20210213_3.xls
(5599,)
/project/kh_mercury_1/conference_call/output/01_download_cc/01.1_xls_2/20210423-20210426_4.xls
(5647,)
/project/kh_mercury_1/conference_call/output/01_download_cc/01.1_xls_2/20210407-20210410_1.xls
(5697,)
/project/kh_mercury_1/conference_call/output/01_download_cc/01.1_xls_2/20201110-20201113_9.xls
(5747,)
/project/kh_mercury_1/conference_call/output/01_download_cc/01.1_xls_2/20210809-20210812_24.xls
(5797,)
/project/kh_mercury_1/conference_call/output/01_download_cc/01.1_xls_2/20201110-20201113_15.xls
(5847,)
/project/kh_mercury_1/conference_call/output/01_download_cc/01.1_xls_2/20210509-20210512_7.xls
(5897,)
/project/kh_mercury_1/conference_call/output/01_download_cc/01.1_xls_2/20201212-20201215_1.xls
(5947,)
/project/kh_mercury_1/conference_call/output/01_download_cc/01.1_xls_2/20210509-20210512_1.xls
(5997,)
/project/kh_mercury_1/conference_call/output/01_download_cc/01.1_xls_2/20210809-20210812_10.xls
(6047,)
/project/kh_mercury_1/conference_call/output/01_download_cc/01.1_xls_2/20210517-20210520_12.xls
(6097,)
/project/kh_mercury_1/conference_call/output/01_download_cc/01.1_xls_2/20210517-20210520_1.xls
(6147,)
/project/kh_mercury_1/conference_call/output/01_download_cc/01.1_xls_2/20201013-20201016_2.xls
(6197,)
/project/kh_mercury_1/conference_call/output/01_download_cc/01.1_xls_2/20210210-20210213_2.xls
(6247,)
/project/kh_mercury_1/conference_call/output/01_download_cc/01.1_xls_2/20210222-20210225_9.xls
(6297,)
/project/kh_mercury_1/conference_call/output/01_download_cc/01.1_xls_2/20201204-20201207_2.xls
(6347,)
/project/kh_mercury_1/conference_call/output/01_download_cc/01.1_xls_2/20210330-20210402_4.xls
(6397,)
/project/kh_mercury_1/conference_call/output/01_download_cc/01.1_xls_2/20201110-20201113_17.xls
(6447,)
/project/kh_mercury_1/conference_call/output/01_download_cc/01.1_xls_2/20201102-20201105_15.xls
(6497,)
/project/kh_mercury_1/conference_call/output/01_download_cc/01.1_xls_2/20210602-20210605_2.xls
(6547,)
/project/kh_mercury_1/conference_call/output/01_download_cc/01.1_xls_2/20210411-20210414_1.xls
(6597,)
/project/kh_mercury_1/conference_call/output/01_download_cc/01.1_xls_2/20201106-20201109_12.xls
(6647,)
/project/kh_mercury_1/conference_call/output/01_download_cc/01.1_xls_2/20210728-20210731_29.xls
(6697,)
/project/kh_mercury_1/conference_call/output/01_download_cc/01.1_xls_2/20210809-20210812_23.xls
(6747,)
/project/kh_mercury_1/conference_call/output/01_download_cc/01.1_xls_2/20210419-20210422_12.xls
(6797,)
/project/kh_mercury_1/conference_call/output/01_download_cc/01.1_xls_2/20210427-20210430_8.xls
(6847,)
/project/kh_mercury_1/conference_call/output/01_download_cc/01.1_xls_2/20210509-20210512_10.xls
(6897,)
/project/kh_mercury_1/conference_call/output/01_download_cc/01.1_xls_2/20210419-20210422_2.xls
(6947,)
/project/kh_mercury_1/conference_call/output/01_download_cc/01.1_xls_2/20210622-20210625_6.xls
(6992,)
/project/kh_mercury_1/conference_call/output/01_download_cc/01.1_xls_2/20210505-20210508_4.xls
(7042,)
/project/kh_mercury_1/conference_call/output/01_download_cc/01.1_xls_2/20210427-20210430_25.xls
(7092,)
/project/kh_mercury_1/conference_call/output/01_download_cc/01.1_xls_2/20210509-20210512_9.xls
(7142,)
/project/kh_mercury_1/conference_call/output/01_download_cc/01.1_xls_2/20201021-20201024_9.xls
(7192,)
/project/kh_mercury_1/conference_call/output/01_download_cc/01.1_xls_2/20210501-20210504_4.xls
(7242,)
/project/kh_mercury_1/conference_call/output/01_download_cc/01.1_xls_2/20210525-20210528_4.xls
(7292,)
/project/kh_mercury_1/conference_call/output/01_download_cc/01.1_xls_2/20210728-20210731_6.xls
(7342,)
/project/kh_mercury_1/conference_call/output/01_download_cc/01.1_xls_2/20210801-20210804_18.xls
(7392,)
/project/kh_mercury_1/conference_call/output/01_download_cc/01.1_xls_2/20210318-20210321_4.xls
(7438,)
/project/kh_mercury_1/conference_call/output/01_download_cc/01.1_xls_2/20210113-20210116_3.xls
(7488,)
/project/kh_mercury_1/conference_call/output/01_download_cc/01.1_xls_2/20210310-20210313_11.xls
(7538,)
/project/kh_mercury_1/conference_call/output/01_download_cc/01.1_xls_2/20201114-20201117_3.xls
(7588,)
/project/kh_mercury_1/conference_call/output/01_download_cc/01.1_xls_2/20210610-20210613_1.xls
(7638,)
/project/kh_mercury_1/conference_call/output/01_download_cc/01.1_xls_2/20201025-20201028_6.xls
(7688,)
/project/kh_mercury_1/conference_call/output/01_download_cc/01.1_xls_2/20210622-20210625_1.xls
(7738,)
/project/kh_mercury_1/conference_call/output/01_download_cc/01.1_xls_2/20210606-20210609_6.xls
(7788,)
/project/kh_mercury_1/conference_call/output/01_download_cc/01.1_xls_2/20210427-20210430_19.xls
(7838,)
/project/kh_mercury_1/conference_call/output/01_download_cc/01.1_xls_2/20210728-20210731_30.xls
(7850,)
/project/kh_mercury_1/conference_call/output/01_download_cc/01.1_xls_2/20210427-20210430_24.xls
(7900,)
/project/kh_mercury_1/conference_call/output/01_download_cc/01.1_xls_2/20201029-20201101_11.xls
(7950,)
/project/kh_mercury_1/conference_call/output/01_download_cc/01.1_xls_2/20210813-20210816_4.xls
(8000,)
/project/kh_mercury_1/conference_call/output/01_download_cc/01.1_xls_2/20210427-20210430_11.xls
(8050,)
/project/kh_mercury_1/conference_call/output/01_download_cc/01.1_xls_2/20210415-20210418_3.xls
(8092,)
/project/kh_mercury_1/conference_call/output/01_download_cc/01.1_xls_2/20210809-20210812_22.xls
(8142,)
/project/kh_mercury_1/conference_call/output/01_download_cc/01.1_xls_2/20210419-20210422_8.xls
(8192,)
/project/kh_mercury_1/conference_call/output/01_download_cc/01.1_xls_2/20210427-20210430_26.xls
(8242,)
/project/kh_mercury_1/conference_call/output/01_download_cc/01.1_xls_2/20210509-20210512_8.xls
(8292,)
/project/kh_mercury_1/conference_call/output/01_download_cc/01.1_xls_2/20210427-20210430_6.xls
(8342,)
/project/kh_mercury_1/conference_call/output/01_download_cc/01.1_xls_2/20210606-20210609_11.xls
(8392,)
/project/kh_mercury_1/conference_call/output/01_download_cc/01.1_xls_2/20201208-20201211_7.xls
(8442,)
/project/kh_mercury_1/conference_call/output/01_download_cc/01.1_xls_2/20210614-20210617_7.xls
(8492,)
/project/kh_mercury_1/conference_call/output/01_download_cc/01.1_xls_2/20201114-20201117_7.xls
(8542,)
/project/kh_mercury_1/conference_call/output/01_download_cc/01.1_xls_2/20210829-20210901_3.xls
(8592,)
/project/kh_mercury_1/conference_call/output/01_download_cc/01.1_xls_2/20201025-20201028_4.xls
(8642,)
/project/kh_mercury_1/conference_call/output/01_download_cc/01.1_xls_2/20210206-20210209_3.xls
(8692,)
/project/kh_mercury_1/conference_call/output/01_download_cc/01.1_xls_2/20201106-20201109_8.xls
(8742,)
/project/kh_mercury_1/conference_call/output/01_download_cc/01.1_xls_2/20210529-20210601_4.xls
(8792,)
/project/kh_mercury_1/conference_call/output/01_download_cc/01.1_xls_2/20210809-20210812_15.xls
(8842,)
/project/kh_mercury_1/conference_call/output/01_download_cc/01.1_xls_2/20210708-20210711_1.xls
(8892,)
/project/kh_mercury_1/conference_call/output/01_download_cc/01.1_xls_2/20210626-20210629_2.xls
(8942,)
/project/kh_mercury_1/conference_call/output/01_download_cc/01.1_xls_2/20201110-20201113_1.xls
(8992,)
/project/kh_mercury_1/conference_call/output/01_download_cc/01.1_xls_2/20201110-20201113_7.xls
(9042,)
/project/kh_mercury_1/conference_call/output/01_download_cc/01.1_xls_2/20210214-20210217_1.xls
(9092,)
/project/kh_mercury_1/conference_call/output/01_download_cc/01.1_xls_2/20201110-20201113_13.xls
(9142,)
/project/kh_mercury_1/conference_call/output/01_download_cc/01.1_xls_2/20210302-20210305_10.xls
(9192,)
/project/kh_mercury_1/conference_call/output/01_download_cc/01.1_xls_2/20201208-20201211_10.xls
(9242,)
/project/kh_mercury_1/conference_call/output/01_download_cc/01.1_xls_2/20210427-20210430_15.xls
(9292,)
/project/kh_mercury_1/conference_call/output/01_download_cc/01.1_xls_2/20210626-20210629_1.xls
(9342,)
/project/kh_mercury_1/conference_call/output/01_download_cc/01.1_xls_2/20210614-20210617_8.xls
(9360,)
/project/kh_mercury_1/conference_call/output/01_download_cc/01.1_xls_2/20210222-20210225_8.xls
(9410,)
/project/kh_mercury_1/conference_call/output/01_download_cc/01.1_xls_2/20201029-20201101_17.xls
(9460,)
/project/kh_mercury_1/conference_call/output/01_download_cc/01.1_xls_2/20210306-20210309_7.xls
(9510,)
/project/kh_mercury_1/conference_call/output/01_download_cc/01.1_xls_2/20210427-20210430_33.xls
(9560,)
/project/kh_mercury_1/conference_call/output/01_download_cc/01.1_xls_2/20210109-20210112_2.xls
(9610,)
/project/kh_mercury_1/conference_call/output/01_download_cc/01.1_xls_2/20201110-20201113_11.xls
(9660,)
/project/kh_mercury_1/conference_call/output/01_download_cc/01.1_xls_2/20210214-20210217_2.xls
(9710,)
/project/kh_mercury_1/conference_call/output/01_download_cc/01.1_xls_2/20210322-20210325_2.xls
(9760,)
/project/kh_mercury_1/conference_call/output/01_download_cc/01.1_xls_2/20210517-20210520_13.xls
(9810,)
/project/kh_mercury_1/conference_call/output/01_download_cc/01.1_xls_2/20201102-20201105_33.xls
(9860,)
/project/kh_mercury_1/conference_call/output/01_download_cc/01.1_xls_2/20210222-20210225_29.xls
(9910,)
/project/kh_mercury_1/conference_call/output/01_download_cc/01.1_xls_2/20201102-20201105_26.xls
(9960,)
/project/kh_mercury_1/conference_call/output/01_download_cc/01.1_xls_2/20210809-20210812_7.xls
(10010,)
/project/kh_mercury_1/conference_call/output/01_download_cc/01.1_xls_2/20201029-20201101_19.xls
(10060,)
/project/kh_mercury_1/conference_call/output/01_download_cc/01.1_xls_2/20201025-20201028_15.xls
(10110,)
/project/kh_mercury_1/conference_call/output/01_download_cc/01.1_xls_2/20210210-20210213_10.xls
(10160,)
/project/kh_mercury_1/conference_call/output/01_download_cc/01.1_xls_2/20210505-20210508_8.xls
(10210,)
/project/kh_mercury_1/conference_call/output/01_download_cc/01.1_xls_2/20210805-20210808_14.xls
(10260,)
/project/kh_mercury_1/conference_call/output/01_download_cc/01.1_xls_2/20210501-20210504_8.xls
(10310,)
/project/kh_mercury_1/conference_call/output/01_download_cc/01.1_xls_2/20210622-20210625_5.xls
(10360,)
/project/kh_mercury_1/conference_call/output/01_download_cc/01.1_xls_2/20210302-20210305_18.xls
(10410,)
/project/kh_mercury_1/conference_call/output/01_download_cc/01.1_xls_2/20210509-20210512_2.xls
(10460,)
/project/kh_mercury_1/conference_call/output/01_download_cc/01.1_xls_2/20210809-20210812_26.xls
(10510,)
/project/kh_mercury_1/conference_call/output/01_download_cc/01.1_xls_2/20201013-20201016_3.xls
(10560,)
/project/kh_mercury_1/conference_call/output/01_download_cc/01.1_xls_2/20210716-20210719_2.xls
(10610,)
/project/kh_mercury_1/conference_call/output/01_download_cc/01.1_xls_2/20210906-20210909_1.xls
(10660,)
/project/kh_mercury_1/conference_call/output/01_download_cc/01.1_xls_2/20201122-20201125_2.xls
(10710,)
/project/kh_mercury_1/conference_call/output/01_download_cc/01.1_xls_2/20210222-20210225_25.xls
(10760,)
/project/kh_mercury_1/conference_call/output/01_download_cc/01.1_xls_2/20210825-20210828_5.xls
(10810,)
/project/kh_mercury_1/conference_call/output/01_download_cc/01.1_xls_2/20201009-20201012_1.xls
(10848,)
/project/kh_mercury_1/conference_call/output/01_download_cc/01.1_xls_2/20201102-20201105_20.xls
(10898,)
/project/kh_mercury_1/conference_call/output/01_download_cc/01.1_xls_2/20201102-20201105_6.xls
(10948,)
/project/kh_mercury_1/conference_call/output/01_download_cc/01.1_xls_2/20210728-20210731_2.xls
(10998,)
/project/kh_mercury_1/conference_call/output/01_download_cc/01.1_xls_2/20201005-20201008_2.xls
(11048,)
/project/kh_mercury_1/conference_call/output/01_download_cc/01.1_xls_2/20210801-20210804_5.xls
(11098,)
/project/kh_mercury_1/conference_call/output/01_download_cc/01.1_xls_2/20210728-20210731_27.xls
(11148,)
/project/kh_mercury_1/conference_call/output/01_download_cc/01.1_xls_2/20201208-20201211_9.xls
(11198,)
/project/kh_mercury_1/conference_call/output/01_download_cc/01.1_xls_2/20210210-20210213_8.xls
(11248,)
/project/kh_mercury_1/conference_call/output/01_download_cc/01.1_xls_2/20210513-20210516_2.xls
(11298,)
/project/kh_mercury_1/conference_call/output/01_download_cc/01.1_xls_2/20201029-20201101_6.xls
(11348,)
/project/kh_mercury_1/conference_call/output/01_download_cc/01.1_xls_2/20210805-20210808_22.xls
(11381,)
/project/kh_mercury_1/conference_call/output/01_download_cc/01.1_xls_2/20210505-20210508_14.xls
(11431,)
/project/kh_mercury_1/conference_call/output/01_download_cc/01.1_xls_2/20210222-20210225_1.xls
(11481,)
/project/kh_mercury_1/conference_call/output/01_download_cc/01.1_xls_2/20201021-20201024_5.xls
(11531,)
/project/kh_mercury_1/conference_call/output/01_download_cc/01.1_xls_2/20210517-20210520_19.xls
(11539,)
/project/kh_mercury_1/conference_call/output/01_download_cc/01.1_xls_2/20210214-20210217_4.xls
(11589,)
/project/kh_mercury_1/conference_call/output/01_download_cc/01.1_xls_2/20210427-20210430_1.xls
(11639,)
/project/kh_mercury_1/conference_call/output/01_download_cc/01.1_xls_2/20201102-20201105_3.xls
(11689,)
/project/kh_mercury_1/conference_call/output/01_download_cc/01.1_xls_2/20210306-20210309_8.xls
(11723,)
/project/kh_mercury_1/conference_call/output/01_download_cc/01.1_xls_2/20210125-20210128_11.xls
(11773,)
/project/kh_mercury_1/conference_call/output/01_download_cc/01.1_xls_2/20210505-20210508_31.xls
(11823,)
/project/kh_mercury_1/conference_call/output/01_download_cc/01.1_xls_2/20210801-20210804_3.xls
(11873,)
/project/kh_mercury_1/conference_call/output/01_download_cc/01.1_xls_2/20210109-20210112_7.xls
(11908,)
/project/kh_mercury_1/conference_call/output/01_download_cc/01.1_xls_2/20210602-20210605_4.xls
(11958,)
/project/kh_mercury_1/conference_call/output/01_download_cc/01.1_xls_2/20210403-20210406_1.xls
(12004,)
/project/kh_mercury_1/conference_call/output/01_download_cc/01.1_xls_2/20210513-20210516_7.xls
(12054,)
/project/kh_mercury_1/conference_call/output/01_download_cc/01.1_xls_2/20210202-20210205_8.xls
(12104,)
/project/kh_mercury_1/conference_call/output/01_download_cc/01.1_xls_2/20201110-20201113_4.xls
(12154,)
/project/kh_mercury_1/conference_call/output/01_download_cc/01.1_xls_2/20210821-20210824_5.xls
(12155,)
/project/kh_mercury_1/conference_call/output/01_download_cc/01.1_xls_2/20201106-20201109_10.xls
(12205,)
/project/kh_mercury_1/conference_call/output/01_download_cc/01.1_xls_2/20210109-20210112_5.xls
(12255,)
/project/kh_mercury_1/conference_call/output/01_download_cc/01.1_xls_2/20201017-20201020_2.xls
(12305,)
/project/kh_mercury_1/conference_call/output/01_download_cc/01.1_xls_2/20210724-20210727_7.xls
(12355,)
/project/kh_mercury_1/conference_call/output/01_download_cc/01.1_xls_2/20210222-20210225_10.xls
(12405,)
/project/kh_mercury_1/conference_call/output/01_download_cc/01.1_xls_2/20210427-20210430_9.xls
(12455,)
/project/kh_mercury_1/conference_call/output/01_download_cc/01.1_xls_2/20201118-20201121_2.xls
(12505,)
/project/kh_mercury_1/conference_call/output/01_download_cc/01.1_xls_2/20201130-20201203_9.xls
(12555,)
/project/kh_mercury_1/conference_call/output/01_download_cc/01.1_xls_2/20210226-20210301_7.xls
(12605,)
/project/kh_mercury_1/conference_call/output/01_download_cc/01.1_xls_2/20201029-20201101_1.xls
(12655,)
/project/kh_mercury_1/conference_call/output/01_download_cc/01.1_xls_2/20210610-20210613_3.xls
(12705,)
/project/kh_mercury_1/conference_call/output/01_download_cc/01.1_xls_2/20210411-20210414_3.xls
(12755,)
/project/kh_mercury_1/conference_call/output/01_download_cc/01.1_xls_2/20210614-20210617_3.xls
(12805,)
/project/kh_mercury_1/conference_call/output/01_download_cc/01.1_xls_2/20210302-20210305_17.xls
(12855,)
/project/kh_mercury_1/conference_call/output/01_download_cc/01.1_xls_2/20201114-20201117_1.xls
(12905,)
/project/kh_mercury_1/conference_call/output/01_download_cc/01.1_xls_2/20201017-20201020_1.xls
(12955,)
/project/kh_mercury_1/conference_call/output/01_download_cc/01.1_xls_2/20210310-20210313_6.xls
(13005,)
/project/kh_mercury_1/conference_call/output/01_download_cc/01.1_xls_2/20210618-20210621_1.xls
(13055,)
/project/kh_mercury_1/conference_call/output/01_download_cc/01.1_xls_2/20210330-20210402_6.xls
(13060,)
/project/kh_mercury_1/conference_call/output/01_download_cc/01.1_xls_2/20201110-20201113_3.xls
(13110,)
/project/kh_mercury_1/conference_call/output/01_download_cc/01.1_xls_2/20201029-20201101_9.xls
(13160,)
/project/kh_mercury_1/conference_call/output/01_download_cc/01.1_xls_2/20201208-20201211_3.xls
(13210,)
/project/kh_mercury_1/conference_call/output/01_download_cc/01.1_xls_2/20210210-20210213_5.xls
(13260,)
/project/kh_mercury_1/conference_call/output/01_download_cc/01.1_xls_2/20210825-20210828_4.xls
(13310,)
/project/kh_mercury_1/conference_call/output/01_download_cc/01.1_xls_2/20201021-20201024_6.xls
(13360,)
/project/kh_mercury_1/conference_call/output/01_download_cc/01.1_xls_2/20210226-20210301_5.xls
(13410,)
/project/kh_mercury_1/conference_call/output/01_download_cc/01.1_xls_2/20210805-20210808_15.xls
(13460,)
/project/kh_mercury_1/conference_call/output/01_download_cc/01.1_xls_2/20210817-20210820_1.xls
(13510,)
/project/kh_mercury_1/conference_call/output/01_download_cc/01.1_xls_2/20210809-20210812_11.xls
(13560,)
/project/kh_mercury_1/conference_call/output/01_download_cc/01.1_xls_2/20210427-20210430_34.xls
(13610,)
/project/kh_mercury_1/conference_call/output/01_download_cc/01.1_xls_2/20210222-20210225_23.xls
(13660,)
/project/kh_mercury_1/conference_call/output/01_download_cc/01.1_xls_2/20210218-20210221_6.xls
(13710,)
/project/kh_mercury_1/conference_call/output/01_download_cc/01.1_xls_2/20210113-20210116_6.xls
(13757,)
/project/kh_mercury_1/conference_call/output/01_download_cc/01.1_xls_2/20210222-20210225_6.xls
(13807,)
/project/kh_mercury_1/conference_call/output/01_download_cc/01.1_xls_2/20201029-20201101_3.xls
(13857,)
/project/kh_mercury_1/conference_call/output/01_download_cc/01.1_xls_2/20210724-20210727_3.xls
(13907,)
/project/kh_mercury_1/conference_call/output/01_download_cc/01.1_xls_2/20210117-20210120_3.xls
(13942,)
/project/kh_mercury_1/conference_call/output/01_download_cc/01.1_xls_2/20201106-20201109_6.xls
(13992,)
/project/kh_mercury_1/conference_call/output/01_download_cc/01.1_xls_2/20210525-20210528_18.xls
(14016,)
/project/kh_mercury_1/conference_call/output/01_download_cc/01.1_xls_2/20201220-20201223_2.xls
(14027,)
/project/kh_mercury_1/conference_call/output/01_download_cc/01.1_xls_2/20210415-20210418_1.xls
(14077,)
/project/kh_mercury_1/conference_call/output/01_download_cc/01.1_xls_2/20210817-20210820_9.xls
(14114,)
/project/kh_mercury_1/conference_call/output/01_download_cc/01.1_xls_2/20210505-20210508_20.xls
(14164,)
/project/kh_mercury_1/conference_call/output/01_download_cc/01.1_xls_2/20210419-20210422_3.xls
(14214,)
/project/kh_mercury_1/conference_call/output/01_download_cc/01.1_xls_2/20201110-20201113_2.xls
(14264,)
/project/kh_mercury_1/conference_call/output/01_download_cc/01.1_xls_2/20201102-20201105_12.xls
(14314,)
/project/kh_mercury_1/conference_call/output/01_download_cc/01.1_xls_2/20201102-20201105_14.xls
(14364,)
/project/kh_mercury_1/conference_call/output/01_download_cc/01.1_xls_2/20201110-20201113_22.xls
(14414,)
/project/kh_mercury_1/conference_call/output/01_download_cc/01.1_xls_2/20201118-20201121_11.xls
(14431,)
/project/kh_mercury_1/conference_call/output/01_download_cc/01.1_xls_2/20201102-20201105_5.xls
(14481,)
/project/kh_mercury_1/conference_call/output/01_download_cc/01.1_xls_2/20210728-20210731_10.xls
(14531,)
/project/kh_mercury_1/conference_call/output/01_download_cc/01.1_xls_2/20201208-20201211_2.xls
(14581,)
/project/kh_mercury_1/conference_call/output/01_download_cc/01.1_xls_2/20210606-20210609_7.xls
(14631,)
/project/kh_mercury_1/conference_call/output/01_download_cc/01.1_xls_2/20201216-20201219_4.xls
(14634,)
/project/kh_mercury_1/conference_call/output/01_download_cc/01.1_xls_2/20210801-20210804_6.xls
(14684,)
/project/kh_mercury_1/conference_call/output/01_download_cc/01.1_xls_2/20210622-20210625_3.xls
(14734,)
/project/kh_mercury_1/conference_call/output/01_download_cc/01.1_xls_2/20210509-20210512_16.xls
(14784,)
/project/kh_mercury_1/conference_call/output/01_download_cc/01.1_xls_2/20201110-20201113_20.xls
(14834,)
/project/kh_mercury_1/conference_call/output/01_download_cc/01.1_xls_2/20201122-20201125_1.xls
(14884,)
/project/kh_mercury_1/conference_call/output/01_download_cc/01.1_xls_2/20210121-20210124_4.xls
(14907,)
/project/kh_mercury_1/conference_call/output/01_download_cc/01.1_xls_2/20210813-20210816_7.xls
(14911,)
/project/kh_mercury_1/conference_call/output/01_download_cc/01.1_xls_2/20210206-20210209_7.xls
(14953,)
/project/kh_mercury_1/conference_call/output/01_download_cc/01.1_xls_2/20210606-20210609_12.xls
(15003,)
/project/kh_mercury_1/conference_call/output/01_download_cc/01.1_xls_2/20201118-20201121_1.xls
(15053,)
/project/kh_mercury_1/conference_call/output/01_download_cc/01.1_xls_2/20210427-20210430_2.xls
(15103,)
/project/kh_mercury_1/conference_call/output/01_download_cc/01.1_xls_2/20201122-20201125_5.xls
(15153,)
/project/kh_mercury_1/conference_call/output/01_download_cc/01.1_xls_2/20210521-20210524_3.xls
(15203,)
/project/kh_mercury_1/conference_call/output/01_download_cc/01.1_xls_2/20210513-20210516_11.xls
(15253,)
/project/kh_mercury_1/conference_call/output/01_download_cc/01.1_xls_2/20210513-20210516_5.xls
(15303,)
/project/kh_mercury_1/conference_call/output/01_download_cc/01.1_xls_2/20210407-20210410_2.xls
(15353,)
/project/kh_mercury_1/conference_call/output/01_download_cc/01.1_xls_2/20201102-20201105_19.xls
(15403,)
/project/kh_mercury_1/conference_call/output/01_download_cc/01.1_xls_2/20201110-20201113_10.xls
(15453,)
/project/kh_mercury_1/conference_call/output/01_download_cc/01.1_xls_2/20210712-20210715_5.xls
(15498,)
/project/kh_mercury_1/conference_call/output/01_download_cc/01.1_xls_2/20210505-20210508_34.xls
(15548,)
/project/kh_mercury_1/conference_call/output/01_download_cc/01.1_xls_2/20210809-20210812_9.xls
(15598,)
/project/kh_mercury_1/conference_call/output/01_download_cc/01.1_xls_2/20201118-20201121_8.xls
(15648,)
/project/kh_mercury_1/conference_call/output/01_download_cc/01.1_xls_2/20210222-20210225_11.xls
(15698,)
/project/kh_mercury_1/conference_call/output/01_download_cc/01.1_xls_2/20210226-20210301_9.xls
(15748,)
/project/kh_mercury_1/conference_call/output/01_download_cc/01.1_xls_2/20210505-20210508_15.xls
(15798,)
/project/kh_mercury_1/conference_call/output/01_download_cc/01.1_xls_2/20210125-20210128_12.xls
(15848,)
/project/kh_mercury_1/conference_call/output/01_download_cc/01.1_xls_2/20210505-20210508_13.xls
(15898,)
/project/kh_mercury_1/conference_call/output/01_download_cc/01.1_xls_2/20201029-20201101_8.xls
(15948,)
/project/kh_mercury_1/conference_call/output/01_download_cc/01.1_xls_2/20210525-20210528_5.xls
(15998,)
/project/kh_mercury_1/conference_call/output/01_download_cc/01.1_xls_2/20210505-20210508_29.xls
(16048,)
/project/kh_mercury_1/conference_call/output/01_download_cc/01.1_xls_2/20201102-20201105_13.xls
(16098,)
/project/kh_mercury_1/conference_call/output/01_download_cc/01.1_xls_2/20210505-20210508_11.xls
(16148,)
/project/kh_mercury_1/conference_call/output/01_download_cc/01.1_xls_2/20210728-20210731_23.xls
(16198,)
/project/kh_mercury_1/conference_call/output/01_download_cc/01.1_xls_2/20201208-20201211_11.xls
(16224,)
/project/kh_mercury_1/conference_call/output/01_download_cc/01.1_xls_2/20201021-20201024_3.xls
(16274,)
/project/kh_mercury_1/conference_call/output/01_download_cc/01.1_xls_2/20210602-20210605_11.xls
(16314,)
/project/kh_mercury_1/conference_call/output/01_download_cc/01.1_xls_2/20210728-20210731_17.xls
(16364,)
/project/kh_mercury_1/conference_call/output/01_download_cc/01.1_xls_2/20210310-20210313_1.xls
(16414,)
/project/kh_mercury_1/conference_call/output/01_download_cc/01.1_xls_2/20210314-20210317_6.xls
(16464,)
/project/kh_mercury_1/conference_call/output/01_download_cc/01.1_xls_2/20201025-20201028_16.xls
(16514,)
/project/kh_mercury_1/conference_call/output/01_download_cc/01.1_xls_2/20210218-20210221_4.xls
(16564,)
/project/kh_mercury_1/conference_call/output/01_download_cc/01.1_xls_2/20201005-20201008_4.xls
(16565,)
/project/kh_mercury_1/conference_call/output/01_download_cc/01.1_xls_2/20201025-20201028_14.xls
(16615,)
/project/kh_mercury_1/conference_call/output/01_download_cc/01.1_xls_2/20210326-20210329_2.xls
(16660,)
/project/kh_mercury_1/conference_call/output/01_download_cc/01.1_xls_2/20201130-20201203_7.xls
(16710,)
/project/kh_mercury_1/conference_call/output/01_download_cc/01.1_xls_2/20210517-20210520_4.xls
(16760,)
/project/kh_mercury_1/conference_call/output/01_download_cc/01.1_xls_2/20210614-20210617_6.xls
(16810,)
/project/kh_mercury_1/conference_call/output/01_download_cc/01.1_xls_2/20210222-20210225_30.xls
(16860,)
/project/kh_mercury_1/conference_call/output/01_download_cc/01.1_xls_2/20210419-20210422_1.xls
(16910,)
/project/kh_mercury_1/conference_call/output/01_download_cc/01.1_xls_2/20210202-20210205_6.xls
(16960,)
/project/kh_mercury_1/conference_call/output/01_download_cc/01.1_xls_2/20210805-20210808_8.xls
(17010,)
/project/kh_mercury_1/conference_call/output/01_download_cc/01.1_xls_2/20210805-20210808_19.xls
(17060,)
/project/kh_mercury_1/conference_call/output/01_download_cc/01.1_xls_2/20210829-20210901_4.xls
(17110,)
/project/kh_mercury_1/conference_call/output/01_download_cc/01.1_xls_2/20210829-20210901_2.xls
(17160,)
/project/kh_mercury_1/conference_call/output/01_download_cc/01.1_xls_2/20210801-20210804_11.xls
(17210,)
/project/kh_mercury_1/conference_call/output/01_download_cc/01.1_xls_2/20201025-20201028_8.xls
(17260,)
/project/kh_mercury_1/conference_call/output/01_download_cc/01.1_xls_2/20210302-20210305_15.xls
(17310,)
/project/kh_mercury_1/conference_call/output/01_download_cc/01.1_xls_2/20201102-20201105_32.xls
(17360,)
/project/kh_mercury_1/conference_call/output/01_download_cc/01.1_xls_2/20201102-20201105_31.xls
(17410,)
/project/kh_mercury_1/conference_call/output/01_download_cc/01.1_xls_2/20210509-20210512_4.xls
(17460,)
/project/kh_mercury_1/conference_call/output/01_download_cc/01.1_xls_2/20210801-20210804_17.xls
(17510,)
/project/kh_mercury_1/conference_call/output/01_download_cc/01.1_xls_2/20210226-20210301_10.xls
(17548,)
/project/kh_mercury_1/conference_call/output/01_download_cc/01.1_xls_2/20210214-20210217_9.xls
(17598,)
/project/kh_mercury_1/conference_call/output/01_download_cc/01.1_xls_2/20201102-20201105_35.xls
(17624,)
/project/kh_mercury_1/conference_call/output/01_download_cc/01.1_xls_2/20210505-20210508_17.xls
(17674,)
/project/kh_mercury_1/conference_call/output/01_download_cc/01.1_xls_2/20201102-20201105_24.xls
(17724,)
/project/kh_mercury_1/conference_call/output/01_download_cc/01.1_xls_2/20210716-20210719_1.xls
(17774,)
/project/kh_mercury_1/conference_call/output/01_download_cc/01.1_xls_2/20210505-20210508_7.xls
(17824,)
/project/kh_mercury_1/conference_call/output/01_download_cc/01.1_xls_2/20210517-20210520_11.xls
(17874,)
/project/kh_mercury_1/conference_call/output/01_download_cc/01.1_xls_2/20210525-20210528_13.xls
(17924,)
/project/kh_mercury_1/conference_call/output/01_download_cc/01.1_xls_2/20210728-20210731_22.xls
(17974,)
/project/kh_mercury_1/conference_call/output/01_download_cc/01.1_xls_2/20210407-20210410_3.xls
(18006,)
/project/kh_mercury_1/conference_call/output/01_download_cc/01.1_xls_2/20210222-20210225_26.xls
(18056,)
/project/kh_mercury_1/conference_call/output/01_download_cc/01.1_xls_2/20210716-20210719_3.xls
(18077,)
/project/kh_mercury_1/conference_call/output/01_download_cc/01.1_xls_2/20201106-20201109_5.xls
(18127,)
/project/kh_mercury_1/conference_call/output/01_download_cc/01.1_xls_2/20210121-20210124_2.xls
(18177,)
/project/kh_mercury_1/conference_call/output/01_download_cc/01.1_xls_2/20210505-20210508_18.xls
(18227,)
/project/kh_mercury_1/conference_call/output/01_download_cc/01.1_xls_2/20210825-20210828_6.xls
(18273,)
/project/kh_mercury_1/conference_call/output/01_download_cc/01.1_xls_2/20201204-20201207_1.xls
(18323,)
/project/kh_mercury_1/conference_call/output/01_download_cc/01.1_xls_2/20210202-20210205_16.xls
(18373,)
/project/kh_mercury_1/conference_call/output/01_download_cc/01.1_xls_2/20210728-20210731_19.xls
(18423,)
/project/kh_mercury_1/conference_call/output/01_download_cc/01.1_xls_2/20210521-20210524_4.xls
(18473,)
/project/kh_mercury_1/conference_call/output/01_download_cc/01.1_xls_2/20210509-20210512_22.xls
(18523,)
/project/kh_mercury_1/conference_call/output/01_download_cc/01.1_xls_2/20210602-20210605_7.xls
(18573,)
/project/kh_mercury_1/conference_call/output/01_download_cc/01.1_xls_2/20210125-20210128_14.xls
(18600,)
/project/kh_mercury_1/conference_call/output/01_download_cc/01.1_xls_2/20201025-20201028_1.xls
(18650,)
/project/kh_mercury_1/conference_call/output/01_download_cc/01.1_xls_2/20210427-20210430_31.xls
(18700,)
/project/kh_mercury_1/conference_call/output/01_download_cc/01.1_xls_2/20210218-20210221_8.xls
(18750,)
/project/kh_mercury_1/conference_call/output/01_download_cc/01.1_xls_2/20210728-20210731_7.xls
(18800,)
/project/kh_mercury_1/conference_call/output/01_download_cc/01.1_xls_2/20201029-20201101_18.xls
(18850,)
/project/kh_mercury_1/conference_call/output/01_download_cc/01.1_xls_2/20201106-20201109_1.xls
(18900,)
/project/kh_mercury_1/conference_call/output/01_download_cc/01.1_xls_2/20210226-20210301_6.xls
(18950,)
/project/kh_mercury_1/conference_call/output/01_download_cc/01.1_xls_2/20210817-20210820_7.xls
(19000,)
/project/kh_mercury_1/conference_call/output/01_download_cc/01.1_xls_2/20210314-20210317_8.xls
(19027,)
/project/kh_mercury_1/conference_call/output/01_download_cc/01.1_xls_2/20210505-20210508_6.xls
(19077,)
/project/kh_mercury_1/conference_call/output/01_download_cc/01.1_xls_2/20210202-20210205_1.xls
(19127,)
/project/kh_mercury_1/conference_call/output/01_download_cc/01.1_xls_2/20201216-20201219_3.xls
(19177,)
/project/kh_mercury_1/conference_call/output/01_download_cc/01.1_xls_2/20210222-20210225_13.xls
(19227,)
/project/kh_mercury_1/conference_call/output/01_download_cc/01.1_xls_2/20201110-20201113_18.xls
(19277,)
/project/kh_mercury_1/conference_call/output/01_download_cc/01.1_xls_2/20210302-20210305_7.xls
(19327,)
/project/kh_mercury_1/conference_call/output/01_download_cc/01.1_xls_2/20210805-20210808_9.xls
(19377,)
/project/kh_mercury_1/conference_call/output/01_download_cc/01.1_xls_2/20210728-20210731_25.xls
(19427,)
/project/kh_mercury_1/conference_call/output/01_download_cc/01.1_xls_2/20201102-20201105_18.xls
(19477,)
/project/kh_mercury_1/conference_call/output/01_download_cc/01.1_xls_2/20210509-20210512_23.xls
(19527,)
/project/kh_mercury_1/conference_call/output/01_download_cc/01.1_xls_2/20201216-20201219_1.xls
(19577,)
/project/kh_mercury_1/conference_call/output/01_download_cc/01.1_xls_2/20210427-20210430_22.xls
(19627,)
/project/kh_mercury_1/conference_call/output/01_download_cc/01.1_xls_2/20210202-20210205_2.xls
(19677,)
/project/kh_mercury_1/conference_call/output/01_download_cc/01.1_xls_2/20210809-20210812_12.xls
(19727,)
/project/kh_mercury_1/conference_call/output/01_download_cc/01.1_xls_2/20210302-20210305_4.xls
(19777,)
/project/kh_mercury_1/conference_call/output/01_download_cc/01.1_xls_2/20201029-20201101_7.xls
(19827,)
/project/kh_mercury_1/conference_call/output/01_download_cc/01.1_xls_2/20210817-20210820_6.xls
(19877,)
/project/kh_mercury_1/conference_call/output/01_download_cc/01.1_xls_2/20210306-20210309_3.xls
(19927,)
/project/kh_mercury_1/conference_call/output/01_download_cc/01.1_xls_2/20210222-20210225_20.xls
(19977,)
/project/kh_mercury_1/conference_call/output/01_download_cc/01.1_xls_2/20201110-20201113_16.xls
(20027,)
/project/kh_mercury_1/conference_call/output/01_download_cc/01.1_xls_2/20210427-20210430_20.xls
(20077,)
/project/kh_mercury_1/conference_call/output/01_download_cc/01.1_xls_2/20210117-20210120_1.xls
(20127,)
/project/kh_mercury_1/conference_call/output/01_download_cc/01.1_xls_2/20210821-20210824_4.xls
(20170,)
/project/kh_mercury_1/conference_call/output/01_download_cc/01.1_xls_2/20210125-20210128_10.xls
(20220,)
/project/kh_mercury_1/conference_call/output/01_download_cc/01.1_xls_2/20210109-20210112_6.xls
(20270,)
/project/kh_mercury_1/conference_call/output/01_download_cc/01.1_xls_2/20210602-20210605_9.xls
(20320,)
/project/kh_mercury_1/conference_call/output/01_download_cc/01.1_xls_2/20210821-20210824_2.xls
(20370,)
/project/kh_mercury_1/conference_call/output/01_download_cc/01.1_xls_2/20210427-20210430_17.xls
(20420,)
/project/kh_mercury_1/conference_call/output/01_download_cc/01.1_xls_2/20210222-20210225_28.xls
(20470,)
/project/kh_mercury_1/conference_call/output/01_download_cc/01.1_xls_2/20210206-20210209_6.xls
(20520,)
/project/kh_mercury_1/conference_call/output/01_download_cc/01.1_xls_2/20210322-20210325_5.xls
(20570,)
/project/kh_mercury_1/conference_call/output/01_download_cc/01.1_xls_2/20201102-20201105_4.xls
(20620,)
/project/kh_mercury_1/conference_call/output/01_download_cc/01.1_xls_2/20201130-20201203_14.xls
(20657,)
/project/kh_mercury_1/conference_call/output/01_download_cc/01.1_xls_2/20201220-20201223_1.xls
(20707,)
/project/kh_mercury_1/conference_call/output/01_download_cc/01.1_xls_2/20210529-20210601_3.xls
(20757,)
/project/kh_mercury_1/conference_call/output/01_download_cc/01.1_xls_2/20210322-20210325_8.xls
(20807,)
/project/kh_mercury_1/conference_call/output/01_download_cc/01.1_xls_2/20210210-20210213_18.xls
(20845,)
/project/kh_mercury_1/conference_call/output/01_download_cc/01.1_xls_2/20210513-20210516_12.xls
(20895,)
/project/kh_mercury_1/conference_call/output/01_download_cc/01.1_xls_2/20210630-20210703_3.xls
(20910,)
/project/kh_mercury_1/conference_call/output/01_download_cc/01.1_xls_2/20210202-20210205_9.xls
(20960,)
/project/kh_mercury_1/conference_call/output/01_download_cc/01.1_xls_2/20201029-20201101_2.xls
(21010,)
/project/kh_mercury_1/conference_call/output/01_download_cc/01.1_xls_2/20210720-20210723_1.xls
(21060,)
/project/kh_mercury_1/conference_call/output/01_download_cc/01.1_xls_2/20201106-20201109_3.xls
(21110,)
/project/kh_mercury_1/conference_call/output/01_download_cc/01.1_xls_2/20210817-20210820_4.xls
(21160,)
/project/kh_mercury_1/conference_call/output/01_download_cc/01.1_xls_2/20210614-20210617_5.xls
(21210,)
/project/kh_mercury_1/conference_call/output/01_download_cc/01.1_xls_2/20201025-20201028_3.xls
(21260,)
/project/kh_mercury_1/conference_call/output/01_download_cc/01.1_xls_2/20210525-20210528_17.xls
(21310,)
/project/kh_mercury_1/conference_call/output/01_download_cc/01.1_xls_2/20210206-20210209_5.xls
(21360,)
/project/kh_mercury_1/conference_call/output/01_download_cc/01.1_xls_2/20210109-20210112_4.xls
(21410,)
/project/kh_mercury_1/conference_call/output/01_download_cc/01.1_xls_2/20210801-20210804_9.xls
(21460,)
/project/kh_mercury_1/conference_call/output/01_download_cc/01.1_xls_2/20210622-20210625_2.xls
(21510,)
/project/kh_mercury_1/conference_call/output/01_download_cc/01.1_xls_2/20201021-20201024_7.xls
(21560,)
/project/kh_mercury_1/conference_call/output/01_download_cc/01.1_xls_2/20201029-20201101_20.xls
(21568,)
/project/kh_mercury_1/conference_call/output/01_download_cc/01.1_xls_2/20210805-20210808_2.xls
(21618,)
/project/kh_mercury_1/conference_call/output/01_download_cc/01.1_xls_2/20210214-20210217_6.xls
(21668,)
/project/kh_mercury_1/conference_call/output/01_download_cc/01.1_xls_2/20210513-20210516_6.xls
(21718,)
/project/kh_mercury_1/conference_call/output/01_download_cc/01.1_xls_2/20210509-20210512_18.xls
(21768,)
/project/kh_mercury_1/conference_call/output/01_download_cc/01.1_xls_2/20201110-20201113_8.xls
(21818,)
/project/kh_mercury_1/conference_call/output/01_download_cc/01.1_xls_2/20201029-20201101_14.xls
(21868,)
/project/kh_mercury_1/conference_call/output/01_download_cc/01.1_xls_2/20201025-20201028_12.xls
(21918,)
/project/kh_mercury_1/conference_call/output/01_download_cc/01.1_xls_2/20210210-20210213_9.xls
(21968,)
/project/kh_mercury_1/conference_call/output/01_download_cc/01.1_xls_2/20210322-20210325_4.xls
(22018,)
/project/kh_mercury_1/conference_call/output/01_download_cc/01.1_xls_2/20210206-20210209_1.xls
(22068,)
/project/kh_mercury_1/conference_call/output/01_download_cc/01.1_xls_2/20201102-20201105_1.xls
(22118,)
/project/kh_mercury_1/conference_call/output/01_download_cc/01.1_xls_2/20201025-20201028_13.xls
(22168,)
/project/kh_mercury_1/conference_call/output/01_download_cc/01.1_xls_2/20210423-20210426_2.xls
(22218,)
/project/kh_mercury_1/conference_call/output/01_download_cc/01.1_xls_2/20210509-20210512_15.xls
(22268,)
/project/kh_mercury_1/conference_call/output/01_download_cc/01.1_xls_2/20201204-20201207_3.xls
(22314,)
/project/kh_mercury_1/conference_call/output/01_download_cc/01.1_xls_2/20210606-20210609_4.xls
(22364,)
/project/kh_mercury_1/conference_call/output/01_download_cc/01.1_xls_2/20210505-20210508_30.xls
(22414,)
/project/kh_mercury_1/conference_call/output/01_download_cc/01.1_xls_2/20201130-20201203_13.xls
(22464,)
/project/kh_mercury_1/conference_call/output/01_download_cc/01.1_xls_2/20210724-20210727_5.xls
(22514,)
/project/kh_mercury_1/conference_call/output/01_download_cc/01.1_xls_2/20210809-20210812_17.xls
(22564,)
/project/kh_mercury_1/conference_call/output/01_download_cc/01.1_xls_2/20210606-20210609_9.xls
(22614,)
/project/kh_mercury_1/conference_call/output/01_download_cc/01.1_xls_2/20210427-20210430_28.xls
(22664,)
/project/kh_mercury_1/conference_call/output/01_download_cc/01.1_xls_2/20210618-20210621_2.xls
(22671,)
/project/kh_mercury_1/conference_call/output/01_download_cc/01.1_xls_2/20210226-20210301_8.xls
(22721,)
/project/kh_mercury_1/conference_call/output/01_download_cc/01.1_xls_2/20210310-20210313_3.xls
(22771,)
/project/kh_mercury_1/conference_call/output/01_download_cc/01.1_xls_2/20201021-20201024_13.xls
(22808,)
/project/kh_mercury_1/conference_call/output/01_download_cc/01.1_xls_2/20210505-20210508_16.xls
(22858,)
/project/kh_mercury_1/conference_call/output/01_download_cc/01.1_xls_2/20210513-20210516_4.xls
(22908,)
/project/kh_mercury_1/conference_call/output/01_download_cc/01.1_xls_2/20210517-20210520_16.xls
(22958,)
/project/kh_mercury_1/conference_call/output/01_download_cc/01.1_xls_2/20210302-20210305_1.xls
(23008,)
/project/kh_mercury_1/conference_call/output/01_download_cc/01.1_xls_2/20210310-20210313_8.xls
(23058,)
/project/kh_mercury_1/conference_call/output/01_download_cc/01.1_xls_2/20210712-20210715_4.xls
(23108,)
/project/kh_mercury_1/conference_call/output/01_download_cc/01.1_xls_2/20210218-20210221_3.xls
(23158,)
/project/kh_mercury_1/conference_call/output/01_download_cc/01.1_xls_2/20210728-20210731_28.xls
(23208,)
/project/kh_mercury_1/conference_call/output/01_download_cc/01.1_xls_2/20201122-20201125_4.xls
(23258,)
/project/kh_mercury_1/conference_call/output/01_download_cc/01.1_xls_2/20210813-20210816_5.xls
(23308,)
/project/kh_mercury_1/conference_call/output/01_download_cc/01.1_xls_2/20210501-20210504_12.xls
(23350,)
/project/kh_mercury_1/conference_call/output/01_download_cc/01.1_xls_2/20210314-20210317_4.xls
(23400,)
/project/kh_mercury_1/conference_call/output/01_download_cc/01.1_xls_2/20201110-20201113_23.xls
(23450,)
/project/kh_mercury_1/conference_call/output/01_download_cc/01.1_xls_2/20210330-20210402_3.xls
(23500,)
/project/kh_mercury_1/conference_call/output/01_download_cc/01.1_xls_2/20210724-20210727_2.xls
(23550,)
/project/kh_mercury_1/conference_call/output/01_download_cc/01.1_xls_2/20210210-20210213_7.xls
(23600,)
/project/kh_mercury_1/conference_call/output/01_download_cc/01.1_xls_2/20210214-20210217_5.xls
(23650,)
/project/kh_mercury_1/conference_call/output/01_download_cc/01.1_xls_2/20210427-20210430_12.xls
(23700,)
/project/kh_mercury_1/conference_call/output/01_download_cc/01.1_xls_2/20201102-20201105_23.xls
(23750,)
/project/kh_mercury_1/conference_call/output/01_download_cc/01.1_xls_2/20210809-20210812_8.xls
(23800,)
/project/kh_mercury_1/conference_call/output/01_download_cc/01.1_xls_2/20201110-20201113_25.xls
(23838,)
/project/kh_mercury_1/conference_call/output/01_download_cc/01.1_xls_2/20210113-20210116_1.xls
(23888,)
/project/kh_mercury_1/conference_call/output/01_download_cc/01.1_xls_2/20210809-20210812_19.xls
(23938,)
/project/kh_mercury_1/conference_call/output/01_download_cc/01.1_xls_2/20210606-20210609_8.xls
(23988,)
/project/kh_mercury_1/conference_call/output/01_download_cc/01.1_xls_2/20201102-20201105_17.xls
(24038,)
/project/kh_mercury_1/conference_call/output/01_download_cc/01.1_xls_2/20210606-20210609_14.xls
(24044,)
/project/kh_mercury_1/conference_call/output/01_download_cc/01.1_xls_2/20210801-20210804_8.xls
(24094,)
/project/kh_mercury_1/conference_call/output/01_download_cc/01.1_xls_2/20210809-20210812_27.xls
(24139,)
/project/kh_mercury_1/conference_call/output/01_download_cc/01.1_xls_2/20210517-20210520_8.xls
(24189,)
/project/kh_mercury_1/conference_call/output/01_download_cc/01.1_xls_2/20210129-20210201_3.xls
(24239,)
/project/kh_mercury_1/conference_call/output/01_download_cc/01.1_xls_2/20210218-20210221_5.xls
(24289,)
/project/kh_mercury_1/conference_call/output/01_download_cc/01.1_xls_2/20210724-20210727_8.xls
(24338,)
/project/kh_mercury_1/conference_call/output/01_download_cc/01.1_xls_2/20201118-20201121_10.xls
(24388,)
/project/kh_mercury_1/conference_call/output/01_download_cc/01.1_xls_2/20210509-20210512_13.xls
(24438,)
/project/kh_mercury_1/conference_call/output/01_download_cc/01.1_xls_2/20210222-20210225_27.xls
(24488,)
/project/kh_mercury_1/conference_call/output/01_download_cc/01.1_xls_2/20210222-20210225_5.xls
(24538,)
/project/kh_mercury_1/conference_call/output/01_download_cc/01.1_xls_2/20210614-20210617_1.xls
(24588,)
/project/kh_mercury_1/conference_call/output/01_download_cc/01.1_xls_2/20210610-20210613_5.xls
(24638,)
/project/kh_mercury_1/conference_call/output/01_download_cc/01.1_xls_2/20210817-20210820_3.xls
(24688,)
/project/kh_mercury_1/conference_call/output/01_download_cc/01.1_xls_2/20210509-20210512_17.xls
(24738,)
/project/kh_mercury_1/conference_call/output/01_download_cc/01.1_xls_2/20210310-20210313_9.xls
(24788,)
/project/kh_mercury_1/conference_call/output/01_download_cc/01.1_xls_2/20210606-20210609_3.xls
(24838,)
/project/kh_mercury_1/conference_call/output/01_download_cc/01.1_xls_2/20210809-20210812_20.xls
(24888,)
/project/kh_mercury_1/conference_call/output/01_download_cc/01.1_xls_2/20210626-20210629_3.xls
(24907,)
/project/kh_mercury_1/conference_call/output/01_download_cc/01.1_xls_2/20210509-20210512_11.xls
(24957,)
/project/kh_mercury_1/conference_call/output/01_download_cc/01.1_xls_2/20210829-20210901_5.xls
(24962,)
/project/kh_mercury_1/conference_call/output/01_download_cc/01.1_xls_2/20210517-20210520_5.xls
(25012,)
/project/kh_mercury_1/conference_call/output/01_download_cc/01.1_xls_2/20201110-20201113_21.xls
(25062,)
/project/kh_mercury_1/conference_call/output/01_download_cc/01.1_xls_2/20210129-20210201_2.xls
(25112,)
/project/kh_mercury_1/conference_call/output/01_download_cc/01.1_xls_2/20210202-20210205_4.xls
(25162,)
/project/kh_mercury_1/conference_call/output/01_download_cc/01.1_xls_2/20210314-20210317_7.xls
(25212,)
/project/kh_mercury_1/conference_call/output/01_download_cc/01.1_xls_2/20210214-20210217_8.xls
(25262,)
/project/kh_mercury_1/conference_call/output/01_download_cc/01.1_xls_2/20210302-20210305_3.xls
(25312,)
/project/kh_mercury_1/conference_call/output/01_download_cc/01.1_xls_2/20210505-20210508_32.xls
(25362,)
/project/kh_mercury_1/conference_call/output/01_download_cc/01.1_xls_2/20201110-20201113_14.xls
(25412,)
/project/kh_mercury_1/conference_call/output/01_download_cc/01.1_xls_2/20201216-20201219_2.xls
(25462,)
/project/kh_mercury_1/conference_call/output/01_download_cc/01.1_xls_2/20210427-20210430_23.xls
(25512,)
/project/kh_mercury_1/conference_call/output/01_download_cc/01.1_xls_2/20210622-20210625_4.xls
(25562,)
/project/kh_mercury_1/conference_call/output/01_download_cc/01.1_xls_2/20201208-20201211_8.xls
(25612,)
/project/kh_mercury_1/conference_call/output/01_download_cc/01.1_xls_2/20201102-20201105_10.xls
(25662,)
/project/kh_mercury_1/conference_call/output/01_download_cc/01.1_xls_2/20210322-20210325_1.xls
(25712,)
/project/kh_mercury_1/conference_call/output/01_download_cc/01.1_xls_2/20210801-20210804_21.xls
(25762,)
/project/kh_mercury_1/conference_call/output/01_download_cc/01.1_xls_2/20210419-20210422_6.xls
(25812,)
/project/kh_mercury_1/conference_call/output/01_download_cc/01.1_xls_2/20210809-20210812_16.xls
(25862,)
/project/kh_mercury_1/conference_call/output/01_download_cc/01.1_xls_2/20210129-20210201_4.xls
(25912,)
/project/kh_mercury_1/conference_call/output/01_download_cc/01.1_xls_2/20210427-20210430_35.xls
(25946,)
/project/kh_mercury_1/conference_call/output/01_download_cc/01.1_xls_2/20201106-20201109_11.xls
(25996,)
/project/kh_mercury_1/conference_call/output/01_download_cc/01.1_xls_2/20201029-20201101_4.xls
(26046,)
/project/kh_mercury_1/conference_call/output/01_download_cc/01.1_xls_2/20210906-20210909_2.xls
(26050,)
/project/kh_mercury_1/conference_call/output/01_download_cc/01.1_xls_2/20210505-20210508_2.xls
(26100,)
/project/kh_mercury_1/conference_call/output/01_download_cc/01.1_xls_2/20210602-20210605_1.xls
(26150,)
/project/kh_mercury_1/conference_call/output/01_download_cc/01.1_xls_2/20210206-20210209_2.xls
(26200,)
/project/kh_mercury_1/conference_call/output/01_download_cc/01.1_xls_2/20210728-20210731_21.xls
(26250,)
/project/kh_mercury_1/conference_call/output/01_download_cc/01.1_xls_2/20210517-20210520_2.xls
(26300,)
/project/kh_mercury_1/conference_call/output/01_download_cc/01.1_xls_2/20210728-20210731_9.xls
(26350,)
/project/kh_mercury_1/conference_call/output/01_download_cc/01.1_xls_2/20210427-20210430_27.xls
(26400,)
/project/kh_mercury_1/conference_call/output/01_download_cc/01.1_xls_2/20210117-20210120_2.xls
(26450,)
/project/kh_mercury_1/conference_call/output/01_download_cc/01.1_xls_2/20210805-20210808_3.xls
(26500,)
/project/kh_mercury_1/conference_call/output/01_download_cc/01.1_xls_2/20210306-20210309_4.xls
(26550,)
/project/kh_mercury_1/conference_call/output/01_download_cc/01.1_xls_2/20210517-20210520_9.xls
(26600,)
/project/kh_mercury_1/conference_call/output/01_download_cc/01.1_xls_2/20201114-20201117_5.xls
(26650,)
/project/kh_mercury_1/conference_call/output/01_download_cc/01.1_xls_2/20210521-20210524_2.xls
(26700,)
/project/kh_mercury_1/conference_call/output/01_download_cc/01.1_xls_2/20210306-20210309_6.xls
(26750,)
/project/kh_mercury_1/conference_call/output/01_download_cc/01.1_xls_2/20210222-20210225_2.xls
(26800,)
/project/kh_mercury_1/conference_call/output/01_download_cc/01.1_xls_2/20201110-20201113_19.xls
(26850,)
/project/kh_mercury_1/conference_call/output/01_download_cc/01.1_xls_2/20210724-20210727_6.xls
(26900,)
/project/kh_mercury_1/conference_call/output/01_download_cc/01.1_xls_2/20210505-20210508_10.xls
(26950,)
/project/kh_mercury_1/conference_call/output/01_download_cc/01.1_xls_2/20210809-20210812_25.xls
(27000,)
/project/kh_mercury_1/conference_call/output/01_download_cc/01.1_xls_2/20210610-20210613_4.xls
(27050,)
/project/kh_mercury_1/conference_call/output/01_download_cc/01.1_xls_2/20210525-20210528_14.xls
(27100,)
/project/kh_mercury_1/conference_call/output/01_download_cc/01.1_xls_2/20201130-20201203_5.xls
(27150,)
/project/kh_mercury_1/conference_call/output/01_download_cc/01.1_xls_2/20201102-20201105_16.xls
(27200,)
/project/kh_mercury_1/conference_call/output/01_download_cc/01.1_xls_2/20210720-20210723_3.xls
(27250,)
/project/kh_mercury_1/conference_call/output/01_download_cc/01.1_xls_2/20210805-20210808_10.xls
(27300,)
/project/kh_mercury_1/conference_call/output/01_download_cc/01.1_xls_2/20210109-20210112_3.xls
(27350,)
/project/kh_mercury_1/conference_call/output/01_download_cc/01.1_xls_2/20210306-20210309_2.xls
(27400,)
/project/kh_mercury_1/conference_call/output/01_download_cc/01.1_xls_2/20210505-20210508_19.xls
(27450,)
/project/kh_mercury_1/conference_call/output/01_download_cc/01.1_xls_2/20210809-20210812_3.xls
(27500,)
/project/kh_mercury_1/conference_call/output/01_download_cc/01.1_xls_2/20210505-20210508_9.xls
(27550,)
/project/kh_mercury_1/conference_call/output/01_download_cc/01.1_xls_2/20210222-20210225_14.xls
(27600,)
/project/kh_mercury_1/conference_call/output/01_download_cc/01.1_xls_2/20210314-20210317_1.xls
(27650,)
/project/kh_mercury_1/conference_call/output/01_download_cc/01.1_xls_2/20210505-20210508_1.xls
(27700,)
/project/kh_mercury_1/conference_call/output/01_download_cc/01.1_xls_2/20210809-20210812_21.xls
(27750,)
/project/kh_mercury_1/conference_call/output/01_download_cc/01.1_xls_2/20201130-20201203_11.xls
(27800,)
/project/kh_mercury_1/conference_call/output/01_download_cc/01.1_xls_2/20210210-20210213_4.xls
(27850,)
/project/kh_mercury_1/conference_call/output/01_download_cc/01.1_xls_2/20201110-20201113_5.xls
(27900,)
/project/kh_mercury_1/conference_call/output/01_download_cc/01.1_xls_2/20201114-20201117_2.xls
(27950,)
/project/kh_mercury_1/conference_call/output/01_download_cc/01.1_xls_2/20201005-20201008_3.xls
(28000,)
/project/kh_mercury_1/conference_call/output/01_download_cc/01.1_xls_2/20201102-20201105_8.xls
(28050,)
/project/kh_mercury_1/conference_call/output/01_download_cc/01.1_xls_2/20201224-20201227_1.xls
(28051,)
/project/kh_mercury_1/conference_call/output/01_download_cc/01.1_xls_2/20210310-20210313_4.xls
(28101,)
/project/kh_mercury_1/conference_call/output/01_download_cc/01.1_xls_2/20210121-20210124_3.xls
(28151,)
/project/kh_mercury_1/conference_call/output/01_download_cc/01.1_xls_2/20201228-20201231_1.xls
(28179,)
/project/kh_mercury_1/conference_call/output/01_download_cc/01.1_xls_2/20210210-20210213_11.xls
(28229,)
/project/kh_mercury_1/conference_call/output/01_download_cc/01.1_xls_2/20201102-20201105_34.xls
(28279,)
/project/kh_mercury_1/conference_call/output/01_download_cc/01.1_xls_2/20210505-20210508_27.xls
(28329,)
/project/kh_mercury_1/conference_call/output/01_download_cc/01.1_xls_2/20210302-20210305_19.xls
(28369,)
/project/kh_mercury_1/conference_call/output/01_download_cc/01.1_xls_2/20201013-20201016_1.xls
(28419,)
/project/kh_mercury_1/conference_call/output/01_download_cc/01.1_xls_2/20210813-20210816_6.xls
(28469,)
/project/kh_mercury_1/conference_call/output/01_download_cc/01.1_xls_2/20201025-20201028_9.xls
(28519,)
/project/kh_mercury_1/conference_call/output/01_download_cc/01.1_xls_2/20210423-20210426_1.xls
(28569,)
/project/kh_mercury_1/conference_call/output/01_download_cc/01.1_xls_2/20210712-20210715_2.xls
(28619,)
/project/kh_mercury_1/conference_call/output/01_download_cc/01.1_xls_2/20210214-20210217_11.xls
(28652,)
/project/kh_mercury_1/conference_call/output/01_download_cc/01.1_xls_2/20210427-20210430_4.xls
(28702,)
/project/kh_mercury_1/conference_call/output/01_download_cc/01.1_xls_2/20210222-20210225_18.xls
(28752,)
/project/kh_mercury_1/conference_call/output/01_download_cc/01.1_xls_2/20210805-20210808_17.xls
(28802,)
/project/kh_mercury_1/conference_call/output/01_download_cc/01.1_xls_2/20210720-20210723_7.xls
(28852,)
/project/kh_mercury_1/conference_call/output/01_download_cc/01.1_xls_2/20201106-20201109_13.xls
(28874,)
/project/kh_mercury_1/conference_call/output/01_download_cc/01.1_xls_2/20210302-20210305_14.xls
(28924,)
/project/kh_mercury_1/conference_call/output/01_download_cc/01.1_xls_2/20210210-20210213_17.xls
(28974,)
/project/kh_mercury_1/conference_call/output/01_download_cc/01.1_xls_2/20210724-20210727_1.xls
(29024,)
/project/kh_mercury_1/conference_call/output/01_download_cc/01.1_xls_2/20210222-20210225_7.xls
(29074,)
/project/kh_mercury_1/conference_call/output/01_download_cc/01.1_xls_2/20210728-20210731_24.xls
(29124,)
/project/kh_mercury_1/conference_call/output/01_download_cc/01.1_xls_2/20201102-20201105_27.xls
(29174,)
/project/kh_mercury_1/conference_call/output/01_download_cc/01.1_xls_2/20210801-20210804_12.xls
(29224,)
/project/kh_mercury_1/conference_call/output/01_download_cc/01.1_xls_2/20201021-20201024_11.xls
(29274,)
/project/kh_mercury_1/conference_call/output/01_download_cc/01.1_xls_2/20210505-20210508_21.xls
(29324,)
/project/kh_mercury_1/conference_call/output/01_download_cc/01.1_xls_2/20210517-20210520_17.xls
(29374,)
/project/kh_mercury_1/conference_call/output/01_download_cc/01.1_xls_2/20210805-20210808_13.xls
(29424,)
/project/kh_mercury_1/conference_call/output/01_download_cc/01.1_xls_2/20201021-20201024_4.xls
(29474,)
/project/kh_mercury_1/conference_call/output/01_download_cc/01.1_xls_2/20210521-20210524_1.xls
(29524,)
/project/kh_mercury_1/conference_call/output/01_download_cc/01.1_xls_2/20210222-20210225_31.xls
(29558,)
/project/kh_mercury_1/conference_call/output/01_download_cc/01.1_xls_2/20201017-20201020_4.xls
(29608,)
/project/kh_mercury_1/conference_call/output/01_download_cc/01.1_xls_2/20210801-20210804_4.xls
(29658,)
/project/kh_mercury_1/conference_call/output/01_download_cc/01.1_xls_2/20201126-20201129_2.xls
(29679,)
/project/kh_mercury_1/conference_call/output/01_download_cc/01.1_xls_2/20210902-20210905_2.xls
(29729,)
/project/kh_mercury_1/conference_call/output/01_download_cc/01.1_xls_2/20210525-20210528_9.xls
(29779,)
/project/kh_mercury_1/conference_call/output/01_download_cc/01.1_xls_2/20210614-20210617_2.xls
(29829,)
/project/kh_mercury_1/conference_call/output/01_download_cc/01.1_xls_2/20210310-20210313_5.xls
(29879,)
/project/kh_mercury_1/conference_call/output/01_download_cc/01.1_xls_2/20210226-20210301_2.xls
(29929,)
/project/kh_mercury_1/conference_call/output/01_download_cc/01.1_xls_2/20210202-20210205_11.xls
(29979,)
/project/kh_mercury_1/conference_call/output/01_download_cc/01.1_xls_2/20201114-20201117_8.xls
(30029,)
/project/kh_mercury_1/conference_call/output/01_download_cc/01.1_xls_2/20210218-20210221_1.xls
(30079,)
/project/kh_mercury_1/conference_call/output/01_download_cc/01.1_xls_2/20210411-20210414_4.xls
(30092,)
/project/kh_mercury_1/conference_call/output/01_download_cc/01.1_xls_2/20210501-20210504_9.xls
(30142,)
/project/kh_mercury_1/conference_call/output/01_download_cc/01.1_xls_2/20210218-20210221_7.xls
(30192,)
/project/kh_mercury_1/conference_call/output/01_download_cc/01.1_xls_2/20210202-20210205_5.xls
(30242,)
/project/kh_mercury_1/conference_call/output/01_download_cc/01.1_xls_2/20201029-20201101_15.xls
(30292,)
/project/kh_mercury_1/conference_call/output/01_download_cc/01.1_xls_2/20210525-20210528_16.xls
(30342,)
/project/kh_mercury_1/conference_call/output/01_download_cc/01.1_xls_2/20210306-20210309_1.xls
(30392,)
/project/kh_mercury_1/conference_call/output/01_download_cc/01.1_xls_2/20210525-20210528_6.xls
(30442,)
/project/kh_mercury_1/conference_call/output/01_download_cc/01.1_xls_2/20210801-20210804_1.xls
(30492,)
/project/kh_mercury_1/conference_call/output/01_download_cc/01.1_xls_2/20210525-20210528_10.xls
(30542,)
/project/kh_mercury_1/conference_call/output/01_download_cc/01.1_xls_2/20210226-20210301_4.xls
(30592,)
/project/kh_mercury_1/conference_call/output/01_download_cc/01.1_xls_2/20210509-20210512_21.xls
(30642,)
/project/kh_mercury_1/conference_call/output/01_download_cc/01.1_xls_2/20210427-20210430_13.xls
(30692,)
/project/kh_mercury_1/conference_call/output/01_download_cc/01.1_xls_2/20210501-20210504_3.xls
(30742,)
/project/kh_mercury_1/conference_call/output/01_download_cc/01.1_xls_2/20201106-20201109_4.xls
(30792,)
/project/kh_mercury_1/conference_call/output/01_download_cc/01.1_xls_2/20210521-20210524_5.xls
(30798,)
/project/kh_mercury_1/conference_call/output/01_download_cc/01.1_xls_2/20210222-20210225_15.xls
(30848,)
/project/kh_mercury_1/conference_call/output/01_download_cc/01.1_xls_2/20210222-20210225_22.xls
(30898,)
/project/kh_mercury_1/conference_call/output/01_download_cc/01.1_xls_2/20210210-20210213_12.xls
(30948,)
/project/kh_mercury_1/conference_call/output/01_download_cc/01.1_xls_2/20210427-20210430_14.xls
(30998,)
/project/kh_mercury_1/conference_call/output/01_download_cc/01.1_xls_2/20210509-20210512_3.xls
(31048,)
/project/kh_mercury_1/conference_call/output/01_download_cc/01.1_xls_2/20210202-20210205_13.xls
(31098,)
/project/kh_mercury_1/conference_call/output/01_download_cc/01.1_xls_2/20210419-20210422_7.xls
(31148,)
/project/kh_mercury_1/conference_call/output/01_download_cc/01.1_xls_2/20210314-20210317_2.xls
(31198,)
/project/kh_mercury_1/conference_call/output/01_download_cc/01.1_xls_2/20201118-20201121_5.xls
(31248,)
/project/kh_mercury_1/conference_call/output/01_download_cc/01.1_xls_2/20210606-20210609_1.xls
(31298,)
/project/kh_mercury_1/conference_call/output/01_download_cc/01.1_xls_2/20210805-20210808_16.xls
(31348,)
/project/kh_mercury_1/conference_call/output/01_download_cc/01.1_xls_2/20201208-20201211_6.xls
(31398,)
/project/kh_mercury_1/conference_call/output/01_download_cc/01.1_xls_2/20210427-20210430_7.xls
(31448,)
/project/kh_mercury_1/conference_call/output/01_download_cc/01.1_xls_2/20201005-20201008_1.xls
(31498,)
/project/kh_mercury_1/conference_call/output/01_download_cc/01.1_xls_2/20210113-20210116_4.xls
(31548,)
/project/kh_mercury_1/conference_call/output/01_download_cc/01.1_xls_2/20201130-20201203_6.xls
(31598,)
/project/kh_mercury_1/conference_call/output/01_download_cc/01.1_xls_2/20201025-20201028_10.xls
(31648,)
/project/kh_mercury_1/conference_call/output/01_download_cc/01.1_xls_2/20201106-20201109_2.xls
(31698,)
/project/kh_mercury_1/conference_call/output/01_download_cc/01.1_xls_2/20210720-20210723_12.xls
(31748,)
/project/kh_mercury_1/conference_call/output/01_download_cc/01.1_xls_2/20210501-20210504_11.xls
(31798,)
/project/kh_mercury_1/conference_call/output/01_download_cc/01.1_xls_2/20210902-20210905_1.xls
(31848,)
/project/kh_mercury_1/conference_call/output/01_download_cc/01.1_xls_2/20210728-20210731_14.xls
(31898,)
/project/kh_mercury_1/conference_call/output/01_download_cc/01.1_xls_2/20210825-20210828_7.xls
(31924,)
/project/kh_mercury_1/conference_call/output/01_download_cc/01.1_xls_2/20201106-20201109_9.xls
(31974,)
/project/kh_mercury_1/conference_call/output/01_download_cc/01.1_xls_2/20210801-20210804_16.xls
(32024,)
/project/kh_mercury_1/conference_call/output/01_download_cc/01.1_xls_2/20210805-20210808_6.xls
(32074,)
/project/kh_mercury_1/conference_call/output/01_download_cc/01.1_xls_2/20201110-20201113_6.xls
(32124,)
/project/kh_mercury_1/conference_call/output/01_download_cc/01.1_xls_2/20210318-20210321_1.xls
(32174,)
/project/kh_mercury_1/conference_call/output/01_download_cc/01.1_xls_2/20210517-20210520_18.xls
(32224,)
/project/kh_mercury_1/conference_call/output/01_download_cc/01.1_xls_2/20210805-20210808_12.xls
(32274,)
/project/kh_mercury_1/conference_call/output/01_download_cc/01.1_xls_2/20201208-20201211_1.xls
(32324,)
/project/kh_mercury_1/conference_call/output/01_download_cc/01.1_xls_2/20210825-20210828_1.xls
(32374,)
/project/kh_mercury_1/conference_call/output/01_download_cc/01.1_xls_2/20210525-20210528_7.xls
(32424,)
/project/kh_mercury_1/conference_call/output/01_download_cc/01.1_xls_2/20210529-20210601_1.xls
(32474,)
/project/kh_mercury_1/conference_call/output/01_download_cc/01.1_xls_2/20210501-20210504_2.xls
(32524,)
/project/kh_mercury_1/conference_call/output/01_download_cc/01.1_xls_2/20210602-20210605_5.xls
(32574,)
/project/kh_mercury_1/conference_call/output/01_download_cc/01.1_xls_2/20210105-20210108_2.xls
(32624,)
/project/kh_mercury_1/conference_call/output/01_download_cc/01.1_xls_2/20210712-20210715_3.xls
(32674,)
/project/kh_mercury_1/conference_call/output/01_download_cc/01.1_xls_2/20210218-20210221_10.xls
(32706,)
/project/kh_mercury_1/conference_call/output/01_download_cc/01.1_xls_2/20210310-20210313_13.xls
(32756,)
/project/kh_mercury_1/conference_call/output/01_download_cc/01.1_xls_2/20210125-20210128_9.xls
(32806,)
/project/kh_mercury_1/conference_call/output/01_download_cc/01.1_xls_2/20201013-20201016_5.xls
(32817,)
/project/kh_mercury_1/conference_call/output/01_download_cc/01.1_xls_2/20210121-20210124_1.xls
(32867,)
/project/kh_mercury_1/conference_call/output/01_download_cc/01.1_xls_2/20201102-20201105_29.xls
(32917,)
/project/kh_mercury_1/conference_call/output/01_download_cc/01.1_xls_2/20210222-20210225_12.xls
(32967,)
/project/kh_mercury_1/conference_call/output/01_download_cc/01.1_xls_2/20210602-20210605_10.xls
(33017,)
/project/kh_mercury_1/conference_call/output/01_download_cc/01.1_xls_2/20210509-20210512_24.xls
(33058,)
/project/kh_mercury_1/conference_call/output/01_download_cc/01.1_xls_2/20210529-20210601_2.xls
(33108,)
/project/kh_mercury_1/conference_call/output/01_download_cc/01.1_xls_2/20210302-20210305_8.xls
(33158,)
/project/kh_mercury_1/conference_call/output/01_download_cc/01.1_xls_2/20210805-20210808_21.xls
(33208,)
/project/kh_mercury_1/conference_call/output/01_download_cc/01.1_xls_2/20210222-20210225_24.xls
(33258,)
/project/kh_mercury_1/conference_call/output/01_download_cc/01.1_xls_2/20210809-20210812_4.xls
(33308,)
/project/kh_mercury_1/conference_call/output/01_download_cc/01.1_xls_2/20210805-20210808_1.xls
(33358,)
/project/kh_mercury_1/conference_call/output/01_download_cc/01.1_xls_2/20210210-20210213_13.xls
(33408,)
/project/kh_mercury_1/conference_call/output/01_download_cc/01.1_xls_2/20201029-20201101_10.xls
(33458,)
/project/kh_mercury_1/conference_call/output/01_download_cc/01.1_xls_2/20210728-20210731_8.xls
(33508,)
/project/kh_mercury_1/conference_call/output/01_download_cc/01.1_xls_2/20210809-20210812_2.xls
(33558,)
/project/kh_mercury_1/conference_call/output/01_download_cc/01.1_xls_2/20210210-20210213_14.xls
(33608,)
/project/kh_mercury_1/conference_call/output/01_download_cc/01.1_xls_2/20201102-20201105_7.xls
(33658,)
/project/kh_mercury_1/conference_call/output/01_download_cc/01.1_xls_2/20210419-20210422_10.xls
(33708,)
/project/kh_mercury_1/conference_call/output/01_download_cc/01.1_xls_2/20201021-20201024_2.xls
(33758,)
/project/kh_mercury_1/conference_call/output/01_download_cc/01.1_xls_2/20210801-20210804_13.xls
(33808,)
/project/kh_mercury_1/conference_call/output/01_download_cc/01.1_xls_2/20201102-20201105_30.xls
(33858,)
/project/kh_mercury_1/conference_call/output/01_download_cc/01.1_xls_2/20210805-20210808_18.xls
(33908,)
/project/kh_mercury_1/conference_call/output/01_download_cc/01.1_xls_2/20201106-20201109_7.xls
(33958,)
/project/kh_mercury_1/conference_call/output/01_download_cc/01.1_xls_2/20210129-20210201_5.xls
(33985,)
/project/kh_mercury_1/conference_call/output/01_download_cc/01.1_xls_2/20210614-20210617_4.xls
(34035,)
/project/kh_mercury_1/conference_call/output/01_download_cc/01.1_xls_2/20210125-20210128_3.xls
(34085,)
/project/kh_mercury_1/conference_call/output/01_download_cc/01.1_xls_2/20201208-20201211_5.xls
(34135,)
/project/kh_mercury_1/conference_call/output/01_download_cc/01.1_xls_2/20210805-20210808_4.xls
(34185,)
/project/kh_mercury_1/conference_call/output/01_download_cc/01.1_xls_2/20210630-20210703_2.xls
(34235,)
/project/kh_mercury_1/conference_call/output/01_download_cc/01.1_xls_2/20201130-20201203_4.xls
(34285,)
/project/kh_mercury_1/conference_call/output/01_download_cc/01.1_xls_2/20210525-20210528_12.xls
(34335,)
/project/kh_mercury_1/conference_call/output/01_download_cc/01.1_xls_2/20210728-20210731_12.xls
(34385,)
/project/kh_mercury_1/conference_call/output/01_download_cc/01.1_xls_2/20210509-20210512_12.xls
(34435,)
/project/kh_mercury_1/conference_call/output/01_download_cc/01.1_xls_2/20210501-20210504_5.xls
(34485,)
/project/kh_mercury_1/conference_call/output/01_download_cc/01.1_xls_2/20210606-20210609_5.xls
(34535,)
/project/kh_mercury_1/conference_call/output/01_download_cc/01.1_xls_2/20201130-20201203_2.xls
(34585,)
/project/kh_mercury_1/conference_call/output/01_download_cc/01.1_xls_2/20210210-20210213_6.xls
(34635,)
/project/kh_mercury_1/conference_call/output/01_download_cc/01.1_xls_2/20210427-20210430_32.xls
(34685,)
/project/kh_mercury_1/conference_call/output/01_download_cc/01.1_xls_2/20210809-20210812_1.xls
(34735,)
/project/kh_mercury_1/conference_call/output/01_download_cc/01.1_xls_2/20201212-20201215_2.xls
(34785,)
/project/kh_mercury_1/conference_call/output/01_download_cc/01.1_xls_2/20201102-20201105_11.xls
(34835,)
/project/kh_mercury_1/conference_call/output/01_download_cc/01.1_xls_2/20210801-20210804_22.xls
(34867,)
/project/kh_mercury_1/conference_call/output/01_download_cc/01.1_xls_2/20210801-20210804_2.xls
(34917,)
/project/kh_mercury_1/conference_call/output/01_download_cc/01.1_xls_2/20210720-20210723_6.xls
(34967,)
/project/kh_mercury_1/conference_call/output/01_download_cc/01.1_xls_2/20210427-20210430_30.xls
(35017,)
/project/kh_mercury_1/conference_call/output/01_download_cc/01.1_xls_2/20201029-20201101_12.xls
(35067,)
/project/kh_mercury_1/conference_call/output/01_download_cc/01.1_xls_2/20210606-20210609_10.xls
(35117,)
/project/kh_mercury_1/conference_call/output/01_download_cc/01.1_xls_2/20210720-20210723_10.xls
(35167,)
/project/kh_mercury_1/conference_call/output/01_download_cc/01.1_xls_2/20210222-20210225_3.xls
(35217,)
/project/kh_mercury_1/conference_call/output/01_download_cc/01.1_xls_2/20210322-20210325_3.xls
(35267,)
/project/kh_mercury_1/conference_call/output/01_download_cc/01.1_xls_2/20210517-20210520_10.xls
(35317,)
/project/kh_mercury_1/conference_call/output/01_download_cc/01.1_xls_2/20210809-20210812_18.xls
(35367,)
/project/kh_mercury_1/conference_call/output/01_download_cc/01.1_xls_2/20210214-20210217_7.xls
(35417,)
/project/kh_mercury_1/conference_call/output/01_download_cc/01.1_xls_2/20210310-20210313_12.xls
(35467,)
/project/kh_mercury_1/conference_call/output/01_download_cc/01.1_xls_2/20210222-20210225_4.xls
(35517,)
/project/kh_mercury_1/conference_call/output/01_download_cc/01.1_xls_2/20210222-20210225_16.xls
(35567,)
/project/kh_mercury_1/conference_call/output/01_download_cc/01.1_xls_2/20210801-20210804_20.xls
(35617,)
/project/kh_mercury_1/conference_call/output/01_download_cc/01.1_xls_2/20210513-20210516_1.xls
(35667,)
/project/kh_mercury_1/conference_call/output/01_download_cc/01.1_xls_2/20210801-20210804_19.xls
(35717,)
/project/kh_mercury_1/conference_call/output/01_download_cc/01.1_xls_2/20201102-20201105_28.xls
(35767,)
/project/kh_mercury_1/conference_call/output/01_download_cc/01.1_xls_2/20210306-20210309_5.xls
(35817,)
/project/kh_mercury_1/conference_call/output/01_download_cc/01.1_xls_2/20210501-20210504_6.xls
(35867,)
/project/kh_mercury_1/conference_call/output/01_download_cc/01.1_xls_2/20210505-20210508_33.xls
(35917,)
/project/kh_mercury_1/conference_call/output/01_download_cc/01.1_xls_2/20201122-20201125_6.xls
(35948,)
/project/kh_mercury_1/conference_call/output/01_download_cc/01.1_xls_2/20201029-20201101_5.xls
(35998,)
/project/kh_mercury_1/conference_call/output/01_download_cc/01.1_xls_2/20210202-20210205_10.xls
(36048,)
/project/kh_mercury_1/conference_call/output/01_download_cc/01.1_xls_2/20210202-20210205_19.xls
(36063,)
/project/kh_mercury_1/conference_call/output/01_download_cc/01.1_xls_2/20210109-20210112_1.xls
(36113,)
/project/kh_mercury_1/conference_call/output/01_download_cc/01.1_xls_2/20210529-20210601_5.xls
(36115,)
/project/kh_mercury_1/conference_call/output/01_download_cc/01.1_xls_2/20210322-20210325_9.xls
(36124,)
/project/kh_mercury_1/conference_call/output/01_download_cc/01.1_xls_2/20210218-20210221_2.xls
(36174,)
/project/kh_mercury_1/conference_call/output/01_download_cc/01.1_xls_2/20210513-20210516_3.xls
(36224,)
/project/kh_mercury_1/conference_call/output/01_download_cc/01.1_xls_2/20201102-20201105_2.xls
(36274,)
/project/kh_mercury_1/conference_call/output/01_download_cc/01.1_xls_2/20201021-20201024_10.xls
(36324,)
/project/kh_mercury_1/conference_call/output/01_download_cc/01.1_xls_2/20201025-20201028_5.xls
(36374,)
/project/kh_mercury_1/conference_call/output/01_download_cc/01.1_xls_2/20201212-20201215_3.xls
(36384,)
/project/kh_mercury_1/conference_call/output/01_download_cc/01.1_xls_2/20210302-20210305_12.xls
(36434,)
/project/kh_mercury_1/conference_call/output/01_download_cc/01.1_xls_2/20210630-20210703_1.xls
(36484,)
/project/kh_mercury_1/conference_call/output/01_download_cc/01.1_xls_2/20210214-20210217_10.xls
(36534,)
/project/kh_mercury_1/conference_call/output/01_download_cc/01.1_xls_2/20210302-20210305_11.xls
(36584,)
/project/kh_mercury_1/conference_call/output/01_download_cc/01.1_xls_2/20210427-20210430_21.xls
(36634,)
/project/kh_mercury_1/conference_call/output/01_download_cc/01.1_xls_2/20210226-20210301_1.xls
(36684,)
/project/kh_mercury_1/conference_call/output/01_download_cc/01.1_xls_2/20210505-20210508_3.xls
(36734,)
/project/kh_mercury_1/conference_call/output/01_download_cc/01.1_xls_2/20210513-20210516_10.xls
(36784,)
/project/kh_mercury_1/conference_call/output/01_download_cc/01.1_xls_2/20210206-20210209_4.xls
(36834,)
/project/kh_mercury_1/conference_call/output/01_download_cc/01.1_xls_2/20210809-20210812_14.xls
(36884,)
/project/kh_mercury_1/conference_call/output/01_download_cc/01.1_xls_2/20210809-20210812_13.xls
(36934,)
/project/kh_mercury_1/conference_call/output/01_download_cc/01.1_xls_2/20210505-20210508_25.xls
(36984,)
/project/kh_mercury_1/conference_call/output/01_download_cc/01.1_xls_2/20210728-20210731_3.xls
(37034,)
/project/kh_mercury_1/conference_call/output/01_download_cc/01.1_xls_2/20201025-20201028_2.xls
(37084,)
/project/kh_mercury_1/conference_call/output/01_download_cc/01.1_xls_2/20210125-20210128_2.xls
(37134,)
/project/kh_mercury_1/conference_call/output/01_download_cc/01.1_xls_2/20201126-20201129_1.xls
(37184,)
/project/kh_mercury_1/conference_call/output/01_download_cc/01.1_xls_2/20210423-20210426_3.xls
(37234,)
/project/kh_mercury_1/conference_call/output/01_download_cc/01.1_xls_2/20210517-20210520_15.xls
(37284,)
/project/kh_mercury_1/conference_call/output/01_download_cc/01.1_xls_2/20210202-20210205_3.xls
(37334,)
/project/kh_mercury_1/conference_call/output/01_download_cc/01.1_xls_2/20210509-20210512_5.xls
(37384,)
/project/kh_mercury_1/conference_call/output/01_download_cc/01.1_xls_2/20210202-20210205_7.xls
(37434,)
/project/kh_mercury_1/conference_call/output/01_download_cc/01.1_xls_2/20210302-20210305_5.xls
(37484,)
/project/kh_mercury_1/conference_call/output/01_download_cc/01.1_xls_2/20210513-20210516_9.xls
(37534,)
/project/kh_mercury_1/conference_call/output/01_download_cc/01.1_xls_2/20210210-20210213_1.xls
(37584,)
/project/kh_mercury_1/conference_call/output/01_download_cc/01.1_xls_2/20201110-20201113_24.xls
(37634,)
/project/kh_mercury_1/conference_call/output/01_download_cc/01.1_xls_2/20210720-20210723_9.xls
(37684,)
/project/kh_mercury_1/conference_call/output/01_download_cc/01.1_xls_2/20210505-20210508_12.xls
(37734,)
/project/kh_mercury_1/conference_call/output/01_download_cc/01.1_xls_2/20201017-20201020_3.xls
(37784,)
/project/kh_mercury_1/conference_call/output/01_download_cc/01.1_xls_2/20201029-20201101_16.xls
(37834,)
/project/kh_mercury_1/conference_call/output/01_download_cc/01.1_xls_2/20210214-20210217_3.xls
(37884,)
/project/kh_mercury_1/conference_call/output/01_download_cc/01.1_xls_2/20210525-20210528_1.xls
(37934,)
/project/kh_mercury_1/conference_call/output/01_download_cc/01.1_xls_2/20210821-20210824_1.xls
(37984,)
/project/kh_mercury_1/conference_call/output/01_download_cc/01.1_xls_2/20210813-20210816_1.xls
(38034,)
/project/kh_mercury_1/conference_call/output/01_download_cc/01.1_xls_2/20210202-20210205_17.xls
(38084,)
/project/kh_mercury_1/conference_call/output/01_download_cc/01.1_xls_2/20210801-20210804_7.xls
(38134,)
/project/kh_mercury_1/conference_call/output/01_download_cc/01.1_xls_2/20210813-20210816_2.xls
(38184,)
/project/kh_mercury_1/conference_call/output/01_download_cc/01.1_xls_2/20210505-20210508_35.xls
(38234,)
/project/kh_mercury_1/conference_call/output/01_download_cc/01.1_xls_2/20210821-20210824_3.xls
(38284,)
/project/kh_mercury_1/conference_call/output/01_download_cc/01.1_xls_2/20210728-20210731_11.xls
(38334,)
/project/kh_mercury_1/conference_call/output/01_download_cc/01.1_xls_2/20210411-20210414_2.xls
(38384,)
/project/kh_mercury_1/conference_call/output/01_download_cc/01.1_xls_2/20201114-20201117_4.xls
(38434,)
/project/kh_mercury_1/conference_call/output/01_download_cc/01.1_xls_2/20210125-20210128_5.xls
(38484,)
/project/kh_mercury_1/conference_call/output/01_download_cc/01.1_xls_2/20210728-20210731_15.xls
(38534,)
/project/kh_mercury_1/conference_call/output/01_download_cc/01.1_xls_2/20201001-20201004_1.xls
(38581,)
/project/kh_mercury_1/conference_call/output/01_download_cc/01.1_xls_2/20210610-20210613_6.xls
(38593,)
/project/kh_mercury_1/conference_call/output/01_download_cc/01.1_xls_2/20201017-20201020_5.xls
(38594,)
/project/kh_mercury_1/conference_call/output/01_download_cc/01.1_xls_2/20210222-20210225_21.xls
(38644,)
/project/kh_mercury_1/conference_call/output/01_download_cc/01.1_xls_2/20210728-20210731_20.xls
(38694,)
/project/kh_mercury_1/conference_call/output/01_download_cc/01.1_xls_2/20210712-20210715_1.xls
(38744,)
/project/kh_mercury_1/conference_call/output/01_download_cc/01.1_xls_2/20210809-20210812_5.xls
(38794,)
/project/kh_mercury_1/conference_call/output/01_download_cc/01.1_xls_2/20210720-20210723_4.xls
(38844,)
/project/kh_mercury_1/conference_call/output/01_download_cc/01.1_xls_2/20210505-20210508_24.xls
(38894,)
/project/kh_mercury_1/conference_call/output/01_download_cc/01.1_xls_2/20210525-20210528_8.xls
(38944,)
/project/kh_mercury_1/conference_call/output/01_download_cc/01.1_xls_2/20210517-20210520_7.xls
(38994,)
/project/kh_mercury_1/conference_call/output/01_download_cc/01.1_xls_2/20210513-20210516_13.xls
(39036,)
/project/kh_mercury_1/conference_call/output/01_download_cc/01.1_xls_2/20210720-20210723_8.xls
(39086,)
/project/kh_mercury_1/conference_call/output/01_download_cc/01.1_xls_2/20201118-20201121_6.xls
(39136,)
/project/kh_mercury_1/conference_call/output/01_download_cc/01.1_xls_2/20210728-20210731_5.xls
(39186,)
/project/kh_mercury_1/conference_call/output/01_download_cc/01.1_xls_2/20210517-20210520_14.xls
(39236,)
/project/kh_mercury_1/conference_call/output/01_download_cc/01.1_xls_2/20210704-20210707_1.xls
(39286,)
/project/kh_mercury_1/conference_call/output/01_download_cc/01.1_xls_2/20210606-20210609_13.xls
(39336,)
/project/kh_mercury_1/conference_call/output/01_download_cc/01.1_xls_2/20210101-20210104_1.xls
(39354,)
/project/kh_mercury_1/conference_call/output/01_download_cc/01.1_xls_2/20210427-20210430_18.xls
(39404,)
/project/kh_mercury_1/conference_call/output/01_download_cc/01.1_xls_2/20210728-20210731_18.xls
(39454,)
/project/kh_mercury_1/conference_call/output/01_download_cc/01.1_xls_2/20210202-20210205_15.xls
(39504,)
/project/kh_mercury_1/conference_call/output/01_download_cc/01.1_xls_2/20201122-20201125_3.xls
(39554,)
/project/kh_mercury_1/conference_call/output/01_download_cc/01.1_xls_2/20201130-20201203_3.xls
(39604,)
/project/kh_mercury_1/conference_call/output/01_download_cc/01.1_xls_2/20210525-20210528_2.xls
(39654,)
/project/kh_mercury_1/conference_call/output/01_download_cc/01.1_xls_2/20210505-20210508_23.xls
(39704,)
/project/kh_mercury_1/conference_call/output/01_download_cc/01.1_xls_2/20201102-20201105_25.xls
(39754,)
/project/kh_mercury_1/conference_call/output/01_download_cc/01.1_xls_2/20210509-20210512_20.xls
(39804,)
/project/kh_mercury_1/conference_call/output/01_download_cc/01.1_xls_2/20210602-20210605_8.xls
(39854,)
/project/kh_mercury_1/conference_call/output/01_download_cc/01.1_xls_2/20201118-20201121_7.xls
(39904,)
/project/kh_mercury_1/conference_call/output/01_download_cc/01.1_xls_2/20210805-20210808_5.xls
(39954,)
/project/kh_mercury_1/conference_call/output/01_download_cc/01.1_xls_2/20210125-20210128_13.xls
(40004,)
/project/kh_mercury_1/conference_call/output/01_download_cc/01.1_xls_2/20210509-20210512_19.xls
(40054,)
/project/kh_mercury_1/conference_call/output/01_download_cc/01.1_xls_2/20210728-20210731_1.xls
(40104,)
/project/kh_mercury_1/conference_call/output/01_download_cc/01.1_xls_2/20210501-20210504_7.xls
(40154,)
/project/kh_mercury_1/conference_call/code/12_summary_statistics/count_number_of_conference_calls.py: done!

    MaxRSS    Elapsed     ReqMem  Timelimit 
---------- ---------- ---------- ---------- 
             00:01:21       16Gc 1-20:00:00 
             00:01:21       16Gc            
             00:01:21       16Gc            
    40128K   00:01:21       16Gc            
