==========================================
SLURM_JOB_ID = 8504286
SLURM_SUBMIT_DIR = /project/kh_mercury_1
SLURM_JOB_NODELIST = mcn53
==========================================
Job ID: 8504286
Job User: pspahwa
Num Cores: 16
Traceback (most recent call last):
  File "CriCount/updated_CC_identify_keywords.py", line 106, in <module>
    main()
  File "CriCount/updated_CC_identify_keywords.py", line 76, in main
    already_done_df = pd.read_parquet("CriCoun/Master_Results.parquet.gzip").reset_index(drop = True)
  File "/apps/python/3.6/3.6.12/lib/python3.6/site-packages/pandas/io/parquet.py", line 317, in read_parquet
    return impl.read(path, columns=columns, **kwargs)
  File "/apps/python/3.6/3.6.12/lib/python3.6/site-packages/pandas/io/parquet.py", line 210, in read
    parquet_file = self.api.ParquetFile(path)
  File "/home/pspahwa/.local/lib/python3.6/site-packages/fastparquet/api.py", line 159, in __init__
    raise FileNotFoundError
FileNotFoundError
srun: error: mcn53: task 0: Exited with exit code 1
