==========================================
SLURM_JOB_ID = 8120729
SLURM_SUBMIT_DIR = /project/kh_mercury_1
SLURM_JOB_NODELIST = mcn26
==========================================
Job ID: 8120729
Job User: pspahwa
Num Cores: 16
Traceback (most recent call last):
  File "DirectSearch/updatedDS/possibleNamesDS.py", line 37, in <module>
    main(sys.argv[1], sys.argv[2])
  File "DirectSearch/updatedDS/possibleNamesDS.py", line 26, in main
    firm_df, news_df = read_data(firm_fp, original_news_fp)
  File "DirectSearch/updatedDS/possibleNamesDS.py", line 10, in read_data
    firm_df = dd.read_csv(firm_fp, dtypes = {"Check": "str", "OtherName4": "str"})
  File "/home/pspahwa/.local/lib/python3.6/site-packages/dask/dataframe/io/csv.py", line 664, in read
    **kwargs,
  File "/home/pspahwa/.local/lib/python3.6/site-packages/dask/dataframe/io/csv.py", line 532, in read_pandas
    head = reader(BytesIO(b_sample), **kwargs)
TypeError: read_csv() got an unexpected keyword argument 'dtypes'
srun: error: mcn26: task 0: Exited with exit code 1
