==========================================
SLURM_JOB_ID = 8585180
SLURM_SUBMIT_DIR = /project/kh_mercury_1
SLURM_JOB_NODELIST = mcn53
==========================================
Job ID: 8585180
Job User: pspahwa
Num Cores: 16
Traceback (most recent call last):
  File "updatedDirectSearch.py", line 44, in <module>
    main()
  File "updatedDirectSearch.py", line 30, in main
    df["Possible Names"] = df["Possible Names"].apply(literal_eval)
  File "/apps/python/3.6/3.6.12/lib/python3.6/site-packages/pandas/core/series.py", line 4213, in apply
    mapped = lib.map_infer(values, f, convert=convert_dtype)
  File "pandas/_libs/lib.pyx", line 2403, in pandas._libs.lib.map_infer
  File "/apps/python/3.6/3.6.12/lib/python3.6/ast.py", line 85, in literal_eval
    return _convert(node_or_string)
  File "/apps/python/3.6/3.6.12/lib/python3.6/ast.py", line 84, in _convert
    raise ValueError('malformed node or string: ' + repr(node))
ValueError: malformed node or string: ['ABB Ltd', 'ABB']
srun: error: mcn53: task 0: Exited with exit code 1
